package configuration for libffi is not found
have_header: checking for ffi.h... -------------------- no

DYLD_FALLBACK_LIBRARY_PATH=.:/Users/cepl/.rubies/ruby-3.1.2/lib "clang -o conftest -I/Users/cepl/.rubies/ruby-3.1.2/include/ruby-3.1.0/arm64-darwin22 -I/Users/cepl/.rubies/ruby-3.1.2/include/ruby-3.1.0/ruby/backward -I/Users/cepl/.rubies/ruby-3.1.2/include/ruby-3.1.0 -I.  -I/opt/homebrew/opt/openssl@1.1/include -I/opt/homebrew/opt/readline/include -I/opt/homebrew/opt/libyaml/include -I/opt/homebrew/opt/gdbm/include -D_XOPEN_SOURCE -D_DARWIN_C_SOURCE -D_DARWIN_UNLIMITED_SELECT -D_REENTRANT   -fdeclspec -O3 -fno-fast-math -ggdb3 -Wall -Wextra -Wdeprecated-declarations -Wdivision-by-zero -Wimplicit-function-declaration -Wimplicit-int -Wmisleading-indentation -Wpointer-arith -Wshorten-64-to-32 -Wwrite-strings -Wold-style-definition -Wmissing-noreturn -Wno-cast-function-type -Wno-constant-logical-operand -Wno-long-long -Wno-missing-field-initializers -Wno-overlength-strings -Wno-parentheses-equality -Wno-self-assign -Wno-tautological-compare -Wno-unused-parameter -Wno-unused-value -Wunused-variable -Wextra-tokens -Wundef  -pipe conftest.c  -L. -L/Users/cepl/.rubies/ruby-3.1.2/lib -L/opt/homebrew/opt/openssl@1.1/lib -L/opt/homebrew/opt/readline/lib -L/opt/homebrew/opt/libyaml/lib -L/opt/homebrew/opt/gdbm/lib -L. -fstack-protector-strong -L/usr/local/lib -L/opt/homebrew/opt/openssl@1.1/lib -L/opt/homebrew/opt/readline/lib -L/opt/homebrew/opt/libyaml/lib -L/opt/homebrew/opt/gdbm/lib     -lruby.3.1-static -framework CoreFoundation -lpthread -ldl -lobjc   "
ld: warning: object file (/Users/cepl/.rubies/ruby-3.1.2/lib/libruby.3.1-static.a(dln.o)) was built for newer macOS version (13.0) than being linked (12.3)
ld: warning: object file (/Users/cepl/.rubies/ruby-3.1.2/lib/libruby.3.1-static.a(localeinit.o)) was built for newer macOS version (13.0) than being linked (12.3)
ld: warning: object file (/Users/cepl/.rubies/ruby-3.1.2/lib/libruby.3.1-static.a(loadpath.o)) was built for newer macOS version (13.0) than being linked (12.3)
ld: warning: object file (/Users/cepl/.rubies/ruby-3.1.2/lib/libruby.3.1-static.a(array.o)) was built for newer macOS version (13.0) than being linked (12.3)
ld: warning: object file (/Users/cepl/.rubies/ruby-3.1.2/lib/libruby.3.1-static.a(ast.o)) was built for newer macOS version (13.0) than being linked (12.3)
ld: warning: object file (/Users/cepl/.rubies/ruby-3.1.2/lib/libruby.3.1-static.a(bignum.o)) was built for newer macOS version (13.0) than being linked (12.3)
ld: warning: object file (/Users/cepl/.rubies/ruby-3.1.2/lib/libruby.3.1-static.a(class.o)) was built for newer macOS version (13.0) than being linked (12.3)
ld: warning: object file (/Users/cepl/.rubies/ruby-3.1.2/lib/libruby.3.1-static.a(compar.o)) was built for newer macOS version (13.0) than being linked (12.3)
ld: warning: object file (/Users/cepl/.rubies/ruby-3.1.2/lib/libruby.3.1-static.a(compile.o)) was built for newer macOS version (13.0) than being linked (12.3)
ld: warning: object file (/Users/cepl/.rubies/ruby-3.1.2/lib/libruby.3.1-static.a(complex.o)) was built for newer macOS version (13.0) than being linked (12.3)
ld: warning: object file (/Users/cepl/.rubies/ruby-3.1.2/lib/libruby.3.1-static.a(cont.o)) was built for newer macOS version (13.0) than being linked (12.3)
ld: warning: object file (/Users/cepl/.rubies/ruby-3.1.2/lib/libruby.3.1-static.a(debug.o)) was built for newer macOS version (13.0) than being linked (12.3)
ld: warning: object file (/Users/cepl/.rubies/ruby-3.1.2/lib/libruby.3.1-static.a(debug_counter.o)) was built for newer macOS version (13.0) than being linked (12.3)
ld: warning: object file (/Users/cepl/.rubies/ruby-3.1.2/lib/libruby.3.1-static.a(dir.o)) was built for newer macOS version (13.0) than being linked (12.3)
ld: warning: object file (/Users/cepl/.rubies/ruby-3.1.2/lib/libruby.3.1-static.a(dln_find.o)) was built for newer macOS version (13.0) than being linked (12.3)
ld: warning: object file (/Users/cepl/.rubies/ruby-3.1.2/lib/libruby.3.1-static.a(encoding.o)) was built for newer macOS version (13.0) than being linked (12.3)
ld: warning: object file (/Users/cepl/.rubies/ruby-3.1.2/lib/libruby.3.1-static.a(enum.o)) was built for newer macOS version (13.0) than being linked (12.3)
ld: warning: object file (/Users/cepl/.rubies/ruby-3.1.2/lib/libruby.3.1-static.a(enumerator.o)) was built for newer macOS version (13.0) than being linked (12.3)
ld: warning: object file (/Users/cepl/.rubies/ruby-3.1.2/lib/libruby.3.1-static.a(error.o)) was built for newer macOS version (13.0) than being linked (12.3)
ld: warning: object file (/Users/cepl/.rubies/ruby-3.1.2/lib/libruby.3.1-static.a(eval.o)) was built for newer macOS version (13.0) than being linked (12.3)
ld: warning: object file (/Users/cepl/.rubies/ruby-3.1.2/lib/libruby.3.1-static.a(file.o)) was built for newer macOS version (13.0) than being linked (12.3)
ld: warning: object file (/Users/cepl/.rubies/ruby-3.1.2/lib/libruby.3.1-static.a(gc.o)) was built for newer macOS version (13.0) than being linked (12.3)
ld: warning: object file (/Users/cepl/.rubies/ruby-3.1.2/lib/libruby.3.1-static.a(hash.o)) was built for newer macOS version (13.0) than being linked (12.3)
ld: warning: object file (/Users/cepl/.rubies/ruby-3.1.2/lib/libruby.3.1-static.a(inits.o)) was built for newer macOS version (13.0) than being linked (12.3)
ld: warning: object file (/Users/cepl/.rubies/ruby-3.1.2/lib/libruby.3.1-static.a(io.o)) was built for newer macOS version (13.0) than being linked (12.3)
ld: warning: object file (/Users/cepl/.rubies/ruby-3.1.2/lib/libruby.3.1-static.a(io_buffer.o)) was built for newer macOS version (13.0) than being linked (12.3)
ld: warning: object file (/Users/cepl/.rubies/ruby-3.1.2/lib/libruby.3.1-static.a(iseq.o)) was built for newer macOS version (13.0) than being linked (12.3)
ld: warning: object file (/Users/cepl/.rubies/ruby-3.1.2/lib/libruby.3.1-static.a(load.o)) was built for newer macOS version (13.0) than being linked (12.3)
ld: warning: object file (/Users/cepl/.rubies/ruby-3.1.2/lib/libruby.3.1-static.a(marshal.o)) was built for newer macOS version (13.0) than being linked (12.3)
ld: warning: object file (/Users/cepl/.rubies/ruby-3.1.2/lib/libruby.3.1-static.a(math.o)) was built for newer macOS version (13.0) than being linked (12.3)
ld: warning: object file (/Users/cepl/.rubies/ruby-3.1.2/lib/libruby.3.1-static.a(memory_view.o)) was built for newer macOS version (13.0) than being linked (12.3)
ld: warning: object file (/Users/cepl/.rubies/ruby-3.1.2/lib/libruby.3.1-static.a(mjit.o)) was built for newer macOS version (13.0) than being linked (12.3)
ld: warning: object file (/Users/cepl/.rubies/ruby-3.1.2/lib/libruby.3.1-static.a(mjit_compile.o)) was built for newer macOS version (13.0) than being linked (12.3)
ld: warning: object file (/Users/cepl/.rubies/ruby-3.1.2/lib/libruby.3.1-static.a(node.o)) was built for newer macOS version (13.0) than being linked (12.3)
ld: warning: object file (/Users/cepl/.rubies/ruby-3.1.2/lib/libruby.3.1-static.a(numeric.o)) was built for newer macOS version (13.0) than being linked (12.3)
ld: warning: object file (/Users/cepl/.rubies/ruby-3.1.2/lib/libruby.3.1-static.a(object.o)) was built for newer macOS version (13.0) than being linked (12.3)
ld: warning: object file (/Users/cepl/.rubies/ruby-3.1.2/lib/libruby.3.1-static.a(pack.o)) was built for newer macOS version (13.0) than being linked (12.3)
ld: warning: object file (/Users/cepl/.rubies/ruby-3.1.2/lib/libruby.3.1-static.a(parse.o)) was built for newer macOS version (13.0) than being linked (12.3)
ld: warning: object file (/Users/cepl/.rubies/ruby-3.1.2/lib/libruby.3.1-static.a(proc.o)) was built for newer macOS version (13.0) than being linked (12.3)
ld: warning: object file (/Users/cepl/.rubies/ruby-3.1.2/lib/libruby.3.1-static.a(process.o)) was built for newer macOS version (13.0) than being linked (12.3)
ld: warning: object file (/Users/cepl/.rubies/ruby-3.1.2/lib/libruby.3.1-static.a(ractor.o)) was built for newer macOS version (13.0) than being linked (12.3)
ld: warning: object file (/Users/cepl/.rubies/ruby-3.1.2/lib/libruby.3.1-static.a(random.o)) was built for newer macOS version (13.0) than being linked (12.3)
ld: warning: object file (/Users/cepl/.rubies/ruby-3.1.2/lib/libruby.3.1-static.a(range.o)) was built for newer macOS version (13.0) than being linked (12.3)
ld: warning: object file (/Users/cepl/.rubies/ruby-3.1.2/lib/libruby.3.1-static.a(rational.o)) was built for newer macOS version (13.0) than being linked (12.3)
ld: warning: object file (/Users/cepl/.rubies/ruby-3.1.2/lib/libruby.3.1-static.a(re.o)) was built for newer macOS version (13.0) than being linked (12.3)
ld: warning: object file (/Users/cepl/.rubies/ruby-3.1.2/lib/libruby.3.1-static.a(regcomp.o)) was built for newer macOS version (13.0) than being linked (12.3)
ld: warning: object file (/Users/cepl/.rubies/ruby-3.1.2/lib/libruby.3.1-static.a(regenc.o)) was built for newer macOS version (13.0) than being linked (12.3)
ld: warning: object file (/Users/cepl/.rubies/ruby-3.1.2/lib/libruby.3.1-static.a(regerror.o)) was built for newer macOS version (13.0) than being linked (12.3)
ld: warning: object file (/Users/cepl/.rubies/ruby-3.1.2/lib/libruby.3.1-static.a(regexec.o)) was built for newer macOS version (13.0) than being linked (12.3)
ld: warning: object file (/Users/cepl/.rubies/ruby-3.1.2/lib/libruby.3.1-static.a(regparse.o)) was built for newer macOS version (13.0) than being linked (12.3)
ld: warning: object file (/Users/cepl/.rubies/ruby-3.1.2/lib/libruby.3.1-static.a(regsyntax.o)) was built for newer macOS version (13.0) than being linked (12.3)
ld: warning: object file (/Users/cepl/.rubies/ruby-3.1.2/lib/libruby.3.1-static.a(ruby.o)) was built for newer macOS version (13.0) than being linked (12.3)
ld: warning: object file (/Users/cepl/.rubies/ruby-3.1.2/lib/libruby.3.1-static.a(scheduler.o)) was built for newer macOS version (13.0) than being linked (12.3)
ld: warning: object file (/Users/cepl/.rubies/ruby-3.1.2/lib/libruby.3.1-static.a(signal.o)) was built for newer macOS version (13.0) than being linked (12.3)
ld: warning: object file (/Users/cepl/.rubies/ruby-3.1.2/lib/libruby.3.1-static.a(sprintf.o)) was built for newer macOS version (13.0) than being linked (12.3)
ld: warning: object file (/Users/cepl/.rubies/ruby-3.1.2/lib/libruby.3.1-static.a(st.o)) was built for newer macOS version (13.0) than being linked (12.3)
ld: warning: object file (/Users/cepl/.rubies/ruby-3.1.2/lib/libruby.3.1-static.a(strftime.o)) was built for newer macOS version (13.0) than being linked (12.3)
ld: warning: object file (/Users/cepl/.rubies/ruby-3.1.2/lib/libruby.3.1-static.a(string.o)) was built for newer macOS version (13.0) than being linked (12.3)
ld: warning: object file (/Users/cepl/.rubies/ruby-3.1.2/lib/libruby.3.1-static.a(struct.o)) was built for newer macOS version (13.0) than being linked (12.3)
ld: warning: object file (/Users/cepl/.rubies/ruby-3.1.2/lib/libruby.3.1-static.a(symbol.o)) was built for newer macOS version (13.0) than being linked (12.3)
ld: warning: object file (/Users/cepl/.rubies/ruby-3.1.2/lib/libruby.3.1-static.a(thread.o)) was built for newer macOS version (13.0) than being linked (12.3)
ld: warning: object file (/Users/cepl/.rubies/ruby-3.1.2/lib/libruby.3.1-static.a(time.o)) was built for newer macOS version (13.0) than being linked (12.3)
ld: warning: object file (/Users/cepl/.rubies/ruby-3.1.2/lib/libruby.3.1-static.a(transcode.o)) was built for newer macOS version (13.0) than being linked (12.3)
ld: warning: object file (/Users/cepl/.rubies/ruby-3.1.2/lib/libruby.3.1-static.a(transient_heap.o)) was built for newer macOS version (13.0) than being linked (12.3)
ld: warning: object file (/Users/cepl/.rubies/ruby-3.1.2/lib/libruby.3.1-static.a(util.o)) was built for newer macOS version (13.0) than being linked (12.3)
ld: warning: object file (/Users/cepl/.rubies/ruby-3.1.2/lib/libruby.3.1-static.a(variable.o)) was built for newer macOS version (13.0) than being linked (12.3)
ld: warning: object file (/Users/cepl/.rubies/ruby-3.1.2/lib/libruby.3.1-static.a(version.o)) was built for newer macOS version (13.0) than being linked (12.3)
ld: warning: object file (/Users/cepl/.rubies/ruby-3.1.2/lib/libruby.3.1-static.a(vm.o)) was built for newer macOS version (13.0) than being linked (12.3)
ld: warning: object file (/Users/cepl/.rubies/ruby-3.1.2/lib/libruby.3.1-static.a(vm_backtrace.o)) was built for newer macOS version (13.0) than being linked (12.3)
ld: warning: object file (/Users/cepl/.rubies/ruby-3.1.2/lib/libruby.3.1-static.a(vm_dump.o)) was built for newer macOS version (13.0) than being linked (12.3)
ld: warning: object file (/Users/cepl/.rubies/ruby-3.1.2/lib/libruby.3.1-static.a(vm_sync.o)) was built for newer macOS version (13.0) than being linked (12.3)
ld: warning: object file (/Users/cepl/.rubies/ruby-3.1.2/lib/libruby.3.1-static.a(vm_trace.o)) was built for newer macOS version (13.0) than being linked (12.3)
ld: warning: object file (/Users/cepl/.rubies/ruby-3.1.2/lib/libruby.3.1-static.a(yjit.o)) was built for newer macOS version (13.0) than being linked (12.3)
ld: warning: object file (/Users/cepl/.rubies/ruby-3.1.2/lib/libruby.3.1-static.a(Context.o)) was built for newer macOS version (13.0) than being linked (12.3)
ld: warning: object file (/Users/cepl/.rubies/ruby-3.1.2/lib/libruby.3.1-static.a(ascii.o)) was built for newer macOS version (13.0) than being linked (12.3)
ld: warning: object file (/Users/cepl/.rubies/ruby-3.1.2/lib/libruby.3.1-static.a(us_ascii.o)) was built for newer macOS version (13.0) than being linked (12.3)
ld: warning: object file (/Users/cepl/.rubies/ruby-3.1.2/lib/libruby.3.1-static.a(unicode.o)) was built for newer macOS version (13.0) than being linked (12.3)
ld: warning: object file (/Users/cepl/.rubies/ruby-3.1.2/lib/libruby.3.1-static.a(utf_8.o)) was built for newer macOS version (13.0) than being linked (12.3)
ld: warning: object file (/Users/cepl/.rubies/ruby-3.1.2/lib/libruby.3.1-static.a(newline.o)) was built for newer macOS version (13.0) than being linked (12.3)
ld: warning: object file (/Users/cepl/.rubies/ruby-3.1.2/lib/libruby.3.1-static.a(explicit_bzero.o)) was built for newer macOS version (13.0) than being linked (12.3)
ld: warning: object file (/Users/cepl/.rubies/ruby-3.1.2/lib/libruby.3.1-static.a(setproctitle.o)) was built for newer macOS version (13.0) than being linked (12.3)
ld: warning: object file (/Users/cepl/.rubies/ruby-3.1.2/lib/libruby.3.1-static.a(addr2line.o)) was built for newer macOS version (13.0) than being linked (12.3)
ld: warning: object file (/Users/cepl/.rubies/ruby-3.1.2/lib/libruby.3.1-static.a(builtin.o)) was built for newer macOS version (13.0) than being linked (12.3)
ld: warning: object file (/Users/cepl/.rubies/ruby-3.1.2/lib/libruby.3.1-static.a(dmyext.o)) was built for newer macOS version (13.0) than being linked (12.3)
ld: warning: object file (/Users/cepl/.rubies/ruby-3.1.2/lib/libruby.3.1-static.a(dmyenc.o)) was built for newer macOS version (13.0) than being linked (12.3)
checked program was:
/* begin */
1: #include "ruby.h"
2: 
3: int main(int argc, char **argv)
4: {
5:   return !!argv[argc];
6: }
/* end */

DYLD_FALLBACK_LIBRARY_PATH=.:/Users/cepl/.rubies/ruby-3.1.2/lib "clang -I/Users/cepl/.rubies/ruby-3.1.2/include/ruby-3.1.0/arm64-darwin22 -I/Users/cepl/.rubies/ruby-3.1.2/include/ruby-3.1.0/ruby/backward -I/Users/cepl/.rubies/ruby-3.1.2/include/ruby-3.1.0 -I.  -I/opt/homebrew/opt/openssl@1.1/include -I/opt/homebrew/opt/readline/include -I/opt/homebrew/opt/libyaml/include -I/opt/homebrew/opt/gdbm/include -D_XOPEN_SOURCE -D_DARWIN_C_SOURCE -D_DARWIN_UNLIMITED_SELECT -D_REENTRANT   -fdeclspec -O3 -fno-fast-math -ggdb3 -Wall -Wextra -Wdeprecated-declarations -Wdivision-by-zero -Wimplicit-function-declaration -Wimplicit-int -Wmisleading-indentation -Wpointer-arith -Wshorten-64-to-32 -Wwrite-strings -Wold-style-definition -Wmissing-noreturn -Wno-cast-function-type -Wno-constant-logical-operand -Wno-long-long -Wno-missing-field-initializers -Wno-overlength-strings -Wno-parentheses-equality -Wno-self-assign -Wno-tautological-compare -Wno-unused-parameter -Wno-unused-value -Wunused-variable -Wextra-tokens -Wundef  -pipe   -c conftest.c"
conftest.c:3:10: fatal error: 'ffi.h' file not found
#include <ffi.h>
         ^~~~~~~
1 error generated.
checked program was:
/* begin */
1: #include "ruby.h"
2: 
3: #include <ffi.h>
/* end */

--------------------

find_header: checking for ffi.h in /usr/local/include,/usr/include/ffi,/Library/Developer/CommandLineTools/SDKs/MacOSX.sdk/usr/include/ffi,/Applications/Xcode.app/Contents/Developer/Platforms/MacOSX.platform/Developer/SDKs/MacOSX.sdk/usr/include/ffi... -------------------- yes

DYLD_FALLBACK_LIBRARY_PATH=.:/Users/cepl/.rubies/ruby-3.1.2/lib "clang -I/Users/cepl/.rubies/ruby-3.1.2/include/ruby-3.1.0/arm64-darwin22 -I/Users/cepl/.rubies/ruby-3.1.2/include/ruby-3.1.0/ruby/backward -I/Users/cepl/.rubies/ruby-3.1.2/include/ruby-3.1.0 -I.  -I/opt/homebrew/opt/openssl@1.1/include -I/opt/homebrew/opt/readline/include -I/opt/homebrew/opt/libyaml/include -I/opt/homebrew/opt/gdbm/include -D_XOPEN_SOURCE -D_DARWIN_C_SOURCE -D_DARWIN_UNLIMITED_SELECT -D_REENTRANT   -fdeclspec -O3 -fno-fast-math -ggdb3 -Wall -Wextra -Wdeprecated-declarations -Wdivision-by-zero -Wimplicit-function-declaration -Wimplicit-int -Wmisleading-indentation -Wpointer-arith -Wshorten-64-to-32 -Wwrite-strings -Wold-style-definition -Wmissing-noreturn -Wno-cast-function-type -Wno-constant-logical-operand -Wno-long-long -Wno-missing-field-initializers -Wno-overlength-strings -Wno-parentheses-equality -Wno-self-assign -Wno-tautological-compare -Wno-unused-parameter -Wno-unused-value -Wunused-variable -Wextra-tokens -Wundef  -pipe   -c conftest.c"
conftest.c:3:10: fatal error: 'ffi.h' file not found
#include <ffi.h>
         ^~~~~~~
1 error generated.
checked program was:
/* begin */
1: #include "ruby.h"
2: 
3: #include <ffi.h>
/* end */

DYLD_FALLBACK_LIBRARY_PATH=.:/Users/cepl/.rubies/ruby-3.1.2/lib "clang -I/Users/cepl/.rubies/ruby-3.1.2/include/ruby-3.1.0/arm64-darwin22 -I/Users/cepl/.rubies/ruby-3.1.2/include/ruby-3.1.0/ruby/backward -I/Users/cepl/.rubies/ruby-3.1.2/include/ruby-3.1.0 -I.  -I/opt/homebrew/opt/openssl@1.1/include -I/opt/homebrew/opt/readline/include -I/opt/homebrew/opt/libyaml/include -I/opt/homebrew/opt/gdbm/include -D_XOPEN_SOURCE -D_DARWIN_C_SOURCE -D_DARWIN_UNLIMITED_SELECT -D_REENTRANT   -fdeclspec -O3 -fno-fast-math -ggdb3 -Wall -Wextra -Wdeprecated-declarations -Wdivision-by-zero -Wimplicit-function-declaration -Wimplicit-int -Wmisleading-indentation -Wpointer-arith -Wshorten-64-to-32 -Wwrite-strings -Wold-style-definition -Wmissing-noreturn -Wno-cast-function-type -Wno-constant-logical-operand -Wno-long-long -Wno-missing-field-initializers -Wno-overlength-strings -Wno-parentheses-equality -Wno-self-assign -Wno-tautological-compare -Wno-unused-parameter -Wno-unused-value -Wunused-variable -Wextra-tokens -Wundef  -pipe  -I/usr/local/include -c conftest.c"
conftest.c:3:10: fatal error: 'ffi.h' file not found
#include <ffi.h>
         ^~~~~~~
1 error generated.
checked program was:
/* begin */
1: #include "ruby.h"
2: 
3: #include <ffi.h>
/* end */

DYLD_FALLBACK_LIBRARY_PATH=.:/Users/cepl/.rubies/ruby-3.1.2/lib "clang -I/Users/cepl/.rubies/ruby-3.1.2/include/ruby-3.1.0/arm64-darwin22 -I/Users/cepl/.rubies/ruby-3.1.2/include/ruby-3.1.0/ruby/backward -I/Users/cepl/.rubies/ruby-3.1.2/include/ruby-3.1.0 -I.  -I/opt/homebrew/opt/openssl@1.1/include -I/opt/homebrew/opt/readline/include -I/opt/homebrew/opt/libyaml/include -I/opt/homebrew/opt/gdbm/include -D_XOPEN_SOURCE -D_DARWIN_C_SOURCE -D_DARWIN_UNLIMITED_SELECT -D_REENTRANT   -fdeclspec -O3 -fno-fast-math -ggdb3 -Wall -Wextra -Wdeprecated-declarations -Wdivision-by-zero -Wimplicit-function-declaration -Wimplicit-int -Wmisleading-indentation -Wpointer-arith -Wshorten-64-to-32 -Wwrite-strings -Wold-style-definition -Wmissing-noreturn -Wno-cast-function-type -Wno-constant-logical-operand -Wno-long-long -Wno-missing-field-initializers -Wno-overlength-strings -Wno-parentheses-equality -Wno-self-assign -Wno-tautological-compare -Wno-unused-parameter -Wno-unused-value -Wunused-variable -Wextra-tokens -Wundef  -pipe  -I/usr/include/ffi -c conftest.c"
conftest.c:3:10: fatal error: 'ffi.h' file not found
#include <ffi.h>
         ^~~~~~~
1 error generated.
checked program was:
/* begin */
1: #include "ruby.h"
2: 
3: #include <ffi.h>
/* end */

DYLD_FALLBACK_LIBRARY_PATH=.:/Users/cepl/.rubies/ruby-3.1.2/lib "clang -I/Users/cepl/.rubies/ruby-3.1.2/include/ruby-3.1.0/arm64-darwin22 -I/Users/cepl/.rubies/ruby-3.1.2/include/ruby-3.1.0/ruby/backward -I/Users/cepl/.rubies/ruby-3.1.2/include/ruby-3.1.0 -I.  -I/opt/homebrew/opt/openssl@1.1/include -I/opt/homebrew/opt/readline/include -I/opt/homebrew/opt/libyaml/include -I/opt/homebrew/opt/gdbm/include -D_XOPEN_SOURCE -D_DARWIN_C_SOURCE -D_DARWIN_UNLIMITED_SELECT -D_REENTRANT   -fdeclspec -O3 -fno-fast-math -ggdb3 -Wall -Wextra -Wdeprecated-declarations -Wdivision-by-zero -Wimplicit-function-declaration -Wimplicit-int -Wmisleading-indentation -Wpointer-arith -Wshorten-64-to-32 -Wwrite-strings -Wold-style-definition -Wmissing-noreturn -Wno-cast-function-type -Wno-constant-logical-operand -Wno-long-long -Wno-missing-field-initializers -Wno-overlength-strings -Wno-parentheses-equality -Wno-self-assign -Wno-tautological-compare -Wno-unused-parameter -Wno-unused-value -Wunused-variable -Wextra-tokens -Wundef  -pipe  -I/Library/Developer/CommandLineTools/SDKs/MacOSX.sdk/usr/include/ffi -c conftest.c"
In file included from conftest.c:3:
/Library/Developer/CommandLineTools/SDKs/MacOSX.sdk/usr/include/ffi/ffi.h:483:5: warning: 'FFI_GO_CLOSURES' is not defined, evaluates to 0 [-Wundef]
#if FFI_GO_CLOSURES
    ^
1 warning generated.
checked program was:
/* begin */
1: #include "ruby.h"
2: 
3: #include <ffi.h>
/* end */

--------------------

have_library: checking for ffi_prep_closure_loc() in -lffi... -------------------- yes

DYLD_FALLBACK_LIBRARY_PATH=.:/Users/cepl/.rubies/ruby-3.1.2/lib "clang -o conftest -I/Users/cepl/.rubies/ruby-3.1.2/include/ruby-3.1.0/arm64-darwin22 -I/Users/cepl/.rubies/ruby-3.1.2/include/ruby-3.1.0/ruby/backward -I/Users/cepl/.rubies/ruby-3.1.2/include/ruby-3.1.0 -I. -I/Library/Developer/CommandLineTools/SDKs/MacOSX.sdk/usr/include/ffi  -I/opt/homebrew/opt/openssl@1.1/include -I/opt/homebrew/opt/readline/include -I/opt/homebrew/opt/libyaml/include -I/opt/homebrew/opt/gdbm/include -D_XOPEN_SOURCE -D_DARWIN_C_SOURCE -D_DARWIN_UNLIMITED_SELECT -D_REENTRANT   -fdeclspec -O3 -fno-fast-math -ggdb3 -Wall -Wextra -Wdeprecated-declarations -Wdivision-by-zero -Wimplicit-function-declaration -Wimplicit-int -Wmisleading-indentation -Wpointer-arith -Wshorten-64-to-32 -Wwrite-strings -Wold-style-definition -Wmissing-noreturn -Wno-cast-function-type -Wno-constant-logical-operand -Wno-long-long -Wno-missing-field-initializers -Wno-overlength-strings -Wno-parentheses-equality -Wno-self-assign -Wno-tautological-compare -Wno-unused-parameter -Wno-unused-value -Wunused-variable -Wextra-tokens -Wundef  -pipe conftest.c  -L. -L/Users/cepl/.rubies/ruby-3.1.2/lib -L/opt/homebrew/opt/openssl@1.1/lib -L/opt/homebrew/opt/readline/lib -L/opt/homebrew/opt/libyaml/lib -L/opt/homebrew/opt/gdbm/lib -L. -fstack-protector-strong -L/usr/local/lib -L/opt/homebrew/opt/openssl@1.1/lib -L/opt/homebrew/opt/readline/lib -L/opt/homebrew/opt/libyaml/lib -L/opt/homebrew/opt/gdbm/lib     -lruby.3.1-static -framework CoreFoundation -lpthread -ldl -lobjc -lffi   "
In file included from conftest.c:3:
/Library/Developer/CommandLineTools/SDKs/MacOSX.sdk/usr/include/ffi/ffi.h:483:5: warning: 'FFI_GO_CLOSURES' is not defined, evaluates to 0 [-Wundef]
#if FFI_GO_CLOSURES
    ^
1 warning generated.
ld: warning: object file (/Users/cepl/.rubies/ruby-3.1.2/lib/libruby.3.1-static.a(dln.o)) was built for newer macOS version (13.0) than being linked (12.3)
ld: warning: object file (/Users/cepl/.rubies/ruby-3.1.2/lib/libruby.3.1-static.a(localeinit.o)) was built for newer macOS version (13.0) than being linked (12.3)
ld: warning: object file (/Users/cepl/.rubies/ruby-3.1.2/lib/libruby.3.1-static.a(loadpath.o)) was built for newer macOS version (13.0) than being linked (12.3)
ld: warning: object file (/Users/cepl/.rubies/ruby-3.1.2/lib/libruby.3.1-static.a(array.o)) was built for newer macOS version (13.0) than being linked (12.3)
ld: warning: object file (/Users/cepl/.rubies/ruby-3.1.2/lib/libruby.3.1-static.a(ast.o)) was built for newer macOS version (13.0) than being linked (12.3)
ld: warning: object file (/Users/cepl/.rubies/ruby-3.1.2/lib/libruby.3.1-static.a(bignum.o)) was built for newer macOS version (13.0) than being linked (12.3)
ld: warning: object file (/Users/cepl/.rubies/ruby-3.1.2/lib/libruby.3.1-static.a(class.o)) was built for newer macOS version (13.0) than being linked (12.3)
ld: warning: object file (/Users/cepl/.rubies/ruby-3.1.2/lib/libruby.3.1-static.a(compar.o)) was built for newer macOS version (13.0) than being linked (12.3)
ld: warning: object file (/Users/cepl/.rubies/ruby-3.1.2/lib/libruby.3.1-static.a(compile.o)) was built for newer macOS version (13.0) than being linked (12.3)
ld: warning: object file (/Users/cepl/.rubies/ruby-3.1.2/lib/libruby.3.1-static.a(complex.o)) was built for newer macOS version (13.0) than being linked (12.3)
ld: warning: object file (/Users/cepl/.rubies/ruby-3.1.2/lib/libruby.3.1-static.a(cont.o)) was built for newer macOS version (13.0) than being linked (12.3)
ld: warning: object file (/Users/cepl/.rubies/ruby-3.1.2/lib/libruby.3.1-static.a(debug.o)) was built for newer macOS version (13.0) than being linked (12.3)
ld: warning: object file (/Users/cepl/.rubies/ruby-3.1.2/lib/libruby.3.1-static.a(debug_counter.o)) was built for newer macOS version (13.0) than being linked (12.3)
ld: warning: object file (/Users/cepl/.rubies/ruby-3.1.2/lib/libruby.3.1-static.a(dir.o)) was built for newer macOS version (13.0) than being linked (12.3)
ld: warning: object file (/Users/cepl/.rubies/ruby-3.1.2/lib/libruby.3.1-static.a(dln_find.o)) was built for newer macOS version (13.0) than being linked (12.3)
ld: warning: object file (/Users/cepl/.rubies/ruby-3.1.2/lib/libruby.3.1-static.a(encoding.o)) was built for newer macOS version (13.0) than being linked (12.3)
ld: warning: object file (/Users/cepl/.rubies/ruby-3.1.2/lib/libruby.3.1-static.a(enum.o)) was built for newer macOS version (13.0) than being linked (12.3)
ld: warning: object file (/Users/cepl/.rubies/ruby-3.1.2/lib/libruby.3.1-static.a(enumerator.o)) was built for newer macOS version (13.0) than being linked (12.3)
ld: warning: object file (/Users/cepl/.rubies/ruby-3.1.2/lib/libruby.3.1-static.a(error.o)) was built for newer macOS version (13.0) than being linked (12.3)
ld: warning: object file (/Users/cepl/.rubies/ruby-3.1.2/lib/libruby.3.1-static.a(eval.o)) was built for newer macOS version (13.0) than being linked (12.3)
ld: warning: object file (/Users/cepl/.rubies/ruby-3.1.2/lib/libruby.3.1-static.a(file.o)) was built for newer macOS version (13.0) than being linked (12.3)
ld: warning: object file (/Users/cepl/.rubies/ruby-3.1.2/lib/libruby.3.1-static.a(gc.o)) was built for newer macOS version (13.0) than being linked (12.3)
ld: warning: object file (/Users/cepl/.rubies/ruby-3.1.2/lib/libruby.3.1-static.a(hash.o)) was built for newer macOS version (13.0) than being linked (12.3)
ld: warning: object file (/Users/cepl/.rubies/ruby-3.1.2/lib/libruby.3.1-static.a(inits.o)) was built for newer macOS version (13.0) than being linked (12.3)
ld: warning: object file (/Users/cepl/.rubies/ruby-3.1.2/lib/libruby.3.1-static.a(io.o)) was built for newer macOS version (13.0) than being linked (12.3)
ld: warning: object file (/Users/cepl/.rubies/ruby-3.1.2/lib/libruby.3.1-static.a(io_buffer.o)) was built for newer macOS version (13.0) than being linked (12.3)
ld: warning: object file (/Users/cepl/.rubies/ruby-3.1.2/lib/libruby.3.1-static.a(iseq.o)) was built for newer macOS version (13.0) than being linked (12.3)
ld: warning: object file (/Users/cepl/.rubies/ruby-3.1.2/lib/libruby.3.1-static.a(load.o)) was built for newer macOS version (13.0) than being linked (12.3)
ld: warning: object file (/Users/cepl/.rubies/ruby-3.1.2/lib/libruby.3.1-static.a(marshal.o)) was built for newer macOS version (13.0) than being linked (12.3)
ld: warning: object file (/Users/cepl/.rubies/ruby-3.1.2/lib/libruby.3.1-static.a(math.o)) was built for newer macOS version (13.0) than being linked (12.3)
ld: warning: object file (/Users/cepl/.rubies/ruby-3.1.2/lib/libruby.3.1-static.a(memory_view.o)) was built for newer macOS version (13.0) than being linked (12.3)
ld: warning: object file (/Users/cepl/.rubies/ruby-3.1.2/lib/libruby.3.1-static.a(mjit.o)) was built for newer macOS version (13.0) than being linked (12.3)
ld: warning: object file (/Users/cepl/.rubies/ruby-3.1.2/lib/libruby.3.1-static.a(mjit_compile.o)) was built for newer macOS version (13.0) than being linked (12.3)
ld: warning: object file (/Users/cepl/.rubies/ruby-3.1.2/lib/libruby.3.1-static.a(node.o)) was built for newer macOS version (13.0) than being linked (12.3)
ld: warning: object file (/Users/cepl/.rubies/ruby-3.1.2/lib/libruby.3.1-static.a(numeric.o)) was built for newer macOS version (13.0) than being linked (12.3)
ld: warning: object file (/Users/cepl/.rubies/ruby-3.1.2/lib/libruby.3.1-static.a(object.o)) was built for newer macOS version (13.0) than being linked (12.3)
ld: warning: object file (/Users/cepl/.rubies/ruby-3.1.2/lib/libruby.3.1-static.a(pack.o)) was built for newer macOS version (13.0) than being linked (12.3)
ld: warning: object file (/Users/cepl/.rubies/ruby-3.1.2/lib/libruby.3.1-static.a(parse.o)) was built for newer macOS version (13.0) than being linked (12.3)
ld: warning: object file (/Users/cepl/.rubies/ruby-3.1.2/lib/libruby.3.1-static.a(proc.o)) was built for newer macOS version (13.0) than being linked (12.3)
ld: warning: object file (/Users/cepl/.rubies/ruby-3.1.2/lib/libruby.3.1-static.a(process.o)) was built for newer macOS version (13.0) than being linked (12.3)
ld: warning: object file (/Users/cepl/.rubies/ruby-3.1.2/lib/libruby.3.1-static.a(ractor.o)) was built for newer macOS version (13.0) than being linked (12.3)
ld: warning: object file (/Users/cepl/.rubies/ruby-3.1.2/lib/libruby.3.1-static.a(random.o)) was built for newer macOS version (13.0) than being linked (12.3)
ld: warning: object file (/Users/cepl/.rubies/ruby-3.1.2/lib/libruby.3.1-static.a(range.o)) was built for newer macOS version (13.0) than being linked (12.3)
ld: warning: object file (/Users/cepl/.rubies/ruby-3.1.2/lib/libruby.3.1-static.a(rational.o)) was built for newer macOS version (13.0) than being linked (12.3)
ld: warning: object file (/Users/cepl/.rubies/ruby-3.1.2/lib/libruby.3.1-static.a(re.o)) was built for newer macOS version (13.0) than being linked (12.3)
ld: warning: object file (/Users/cepl/.rubies/ruby-3.1.2/lib/libruby.3.1-static.a(regcomp.o)) was built for newer macOS version (13.0) than being linked (12.3)
ld: warning: object file (/Users/cepl/.rubies/ruby-3.1.2/lib/libruby.3.1-static.a(regenc.o)) was built for newer macOS version (13.0) than being linked (12.3)
ld: warning: object file (/Users/cepl/.rubies/ruby-3.1.2/lib/libruby.3.1-static.a(regerror.o)) was built for newer macOS version (13.0) than being linked (12.3)
ld: warning: object file (/Users/cepl/.rubies/ruby-3.1.2/lib/libruby.3.1-static.a(regexec.o)) was built for newer macOS version (13.0) than being linked (12.3)
ld: warning: object file (/Users/cepl/.rubies/ruby-3.1.2/lib/libruby.3.1-static.a(regparse.o)) was built for newer macOS version (13.0) than being linked (12.3)
ld: warning: object file (/Users/cepl/.rubies/ruby-3.1.2/lib/libruby.3.1-static.a(regsyntax.o)) was built for newer macOS version (13.0) than being linked (12.3)
ld: warning: object file (/Users/cepl/.rubies/ruby-3.1.2/lib/libruby.3.1-static.a(ruby.o)) was built for newer macOS version (13.0) than being linked (12.3)
ld: warning: object file (/Users/cepl/.rubies/ruby-3.1.2/lib/libruby.3.1-static.a(scheduler.o)) was built for newer macOS version (13.0) than being linked (12.3)
ld: warning: object file (/Users/cepl/.rubies/ruby-3.1.2/lib/libruby.3.1-static.a(signal.o)) was built for newer macOS version (13.0) than being linked (12.3)
ld: warning: object file (/Users/cepl/.rubies/ruby-3.1.2/lib/libruby.3.1-static.a(sprintf.o)) was built for newer macOS version (13.0) than being linked (12.3)
ld: warning: object file (/Users/cepl/.rubies/ruby-3.1.2/lib/libruby.3.1-static.a(st.o)) was built for newer macOS version (13.0) than being linked (12.3)
ld: warning: object file (/Users/cepl/.rubies/ruby-3.1.2/lib/libruby.3.1-static.a(strftime.o)) was built for newer macOS version (13.0) than being linked (12.3)
ld: warning: object file (/Users/cepl/.rubies/ruby-3.1.2/lib/libruby.3.1-static.a(string.o)) was built for newer macOS version (13.0) than being linked (12.3)
ld: warning: object file (/Users/cepl/.rubies/ruby-3.1.2/lib/libruby.3.1-static.a(struct.o)) was built for newer macOS version (13.0) than being linked (12.3)
ld: warning: object file (/Users/cepl/.rubies/ruby-3.1.2/lib/libruby.3.1-static.a(symbol.o)) was built for newer macOS version (13.0) than being linked (12.3)
ld: warning: object file (/Users/cepl/.rubies/ruby-3.1.2/lib/libruby.3.1-static.a(thread.o)) was built for newer macOS version (13.0) than being linked (12.3)
ld: warning: object file (/Users/cepl/.rubies/ruby-3.1.2/lib/libruby.3.1-static.a(time.o)) was built for newer macOS version (13.0) than being linked (12.3)
ld: warning: object file (/Users/cepl/.rubies/ruby-3.1.2/lib/libruby.3.1-static.a(transcode.o)) was built for newer macOS version (13.0) than being linked (12.3)
ld: warning: object file (/Users/cepl/.rubies/ruby-3.1.2/lib/libruby.3.1-static.a(transient_heap.o)) was built for newer macOS version (13.0) than being linked (12.3)
ld: warning: object file (/Users/cepl/.rubies/ruby-3.1.2/lib/libruby.3.1-static.a(util.o)) was built for newer macOS version (13.0) than being linked (12.3)
ld: warning: object file (/Users/cepl/.rubies/ruby-3.1.2/lib/libruby.3.1-static.a(variable.o)) was built for newer macOS version (13.0) than being linked (12.3)
ld: warning: object file (/Users/cepl/.rubies/ruby-3.1.2/lib/libruby.3.1-static.a(version.o)) was built for newer macOS version (13.0) than being linked (12.3)
ld: warning: object file (/Users/cepl/.rubies/ruby-3.1.2/lib/libruby.3.1-static.a(vm.o)) was built for newer macOS version (13.0) than being linked (12.3)
ld: warning: object file (/Users/cepl/.rubies/ruby-3.1.2/lib/libruby.3.1-static.a(vm_backtrace.o)) was built for newer macOS version (13.0) than being linked (12.3)
ld: warning: object file (/Users/cepl/.rubies/ruby-3.1.2/lib/libruby.3.1-static.a(vm_dump.o)) was built for newer macOS version (13.0) than being linked (12.3)
ld: warning: object file (/Users/cepl/.rubies/ruby-3.1.2/lib/libruby.3.1-static.a(vm_sync.o)) was built for newer macOS version (13.0) than being linked (12.3)
ld: warning: object file (/Users/cepl/.rubies/ruby-3.1.2/lib/libruby.3.1-static.a(vm_trace.o)) was built for newer macOS version (13.0) than being linked (12.3)
ld: warning: object file (/Users/cepl/.rubies/ruby-3.1.2/lib/libruby.3.1-static.a(yjit.o)) was built for newer macOS version (13.0) than being linked (12.3)
ld: warning: object file (/Users/cepl/.rubies/ruby-3.1.2/lib/libruby.3.1-static.a(Context.o)) was built for newer macOS version (13.0) than being linked (12.3)
ld: warning: object file (/Users/cepl/.rubies/ruby-3.1.2/lib/libruby.3.1-static.a(ascii.o)) was built for newer macOS version (13.0) than being linked (12.3)
ld: warning: object file (/Users/cepl/.rubies/ruby-3.1.2/lib/libruby.3.1-static.a(us_ascii.o)) was built for newer macOS version (13.0) than being linked (12.3)
ld: warning: object file (/Users/cepl/.rubies/ruby-3.1.2/lib/libruby.3.1-static.a(unicode.o)) was built for newer macOS version (13.0) than being linked (12.3)
ld: warning: object file (/Users/cepl/.rubies/ruby-3.1.2/lib/libruby.3.1-static.a(utf_8.o)) was built for newer macOS version (13.0) than being linked (12.3)
ld: warning: object file (/Users/cepl/.rubies/ruby-3.1.2/lib/libruby.3.1-static.a(newline.o)) was built for newer macOS version (13.0) than being linked (12.3)
ld: warning: object file (/Users/cepl/.rubies/ruby-3.1.2/lib/libruby.3.1-static.a(explicit_bzero.o)) was built for newer macOS version (13.0) than being linked (12.3)
ld: warning: object file (/Users/cepl/.rubies/ruby-3.1.2/lib/libruby.3.1-static.a(setproctitle.o)) was built for newer macOS version (13.0) than being linked (12.3)
ld: warning: object file (/Users/cepl/.rubies/ruby-3.1.2/lib/libruby.3.1-static.a(addr2line.o)) was built for newer macOS version (13.0) than being linked (12.3)
ld: warning: object file (/Users/cepl/.rubies/ruby-3.1.2/lib/libruby.3.1-static.a(builtin.o)) was built for newer macOS version (13.0) than being linked (12.3)
ld: warning: object file (/Users/cepl/.rubies/ruby-3.1.2/lib/libruby.3.1-static.a(dmyext.o)) was built for newer macOS version (13.0) than being linked (12.3)
ld: warning: object file (/Users/cepl/.rubies/ruby-3.1.2/lib/libruby.3.1-static.a(dmyenc.o)) was built for newer macOS version (13.0) than being linked (12.3)
checked program was:
/* begin */
 1: #include "ruby.h"
 2: 
 3: #include <ffi.h>
 4: 
 5: /*top*/
 6: extern int t(void);
 7: int main(int argc, char **argv)
 8: {
 9:   if (argc > 1000000) {
10:     int (* volatile tp)(void)=(int (*)(void))&t;
11:     printf("%d", (*tp)());
12:   }
13: 
14:   return !!argv[argc];
15: }
16: int t(void) { void ((*volatile p)()); p = (void ((*)()))ffi_prep_closure_loc; return !p; }
/* end */

--------------------

have_func: checking for ffi_prep_cif_var()... -------------------- yes

DYLD_FALLBACK_LIBRARY_PATH=.:/Users/cepl/.rubies/ruby-3.1.2/lib "clang -o conftest -I/Users/cepl/.rubies/ruby-3.1.2/include/ruby-3.1.0/arm64-darwin22 -I/Users/cepl/.rubies/ruby-3.1.2/include/ruby-3.1.0/ruby/backward -I/Users/cepl/.rubies/ruby-3.1.2/include/ruby-3.1.0 -I. -I/Library/Developer/CommandLineTools/SDKs/MacOSX.sdk/usr/include/ffi  -I/opt/homebrew/opt/openssl@1.1/include -I/opt/homebrew/opt/readline/include -I/opt/homebrew/opt/libyaml/include -I/opt/homebrew/opt/gdbm/include -D_XOPEN_SOURCE -D_DARWIN_C_SOURCE -D_DARWIN_UNLIMITED_SELECT -D_REENTRANT   -fdeclspec -O3 -fno-fast-math -ggdb3 -Wall -Wextra -Wdeprecated-declarations -Wdivision-by-zero -Wimplicit-function-declaration -Wimplicit-int -Wmisleading-indentation -Wpointer-arith -Wshorten-64-to-32 -Wwrite-strings -Wold-style-definition -Wmissing-noreturn -Wno-cast-function-type -Wno-constant-logical-operand -Wno-long-long -Wno-missing-field-initializers -Wno-overlength-strings -Wno-parentheses-equality -Wno-self-assign -Wno-tautological-compare -Wno-unused-parameter -Wno-unused-value -Wunused-variable -Wextra-tokens -Wundef  -pipe conftest.c  -L. -L/Users/cepl/.rubies/ruby-3.1.2/lib -L/opt/homebrew/opt/openssl@1.1/lib -L/opt/homebrew/opt/readline/lib -L/opt/homebrew/opt/libyaml/lib -L/opt/homebrew/opt/gdbm/lib -L. -fstack-protector-strong -L/usr/local/lib -L/opt/homebrew/opt/openssl@1.1/lib -L/opt/homebrew/opt/readline/lib -L/opt/homebrew/opt/libyaml/lib -L/opt/homebrew/opt/gdbm/lib    -lffi  -lruby.3.1-static -framework CoreFoundation -lpthread -ldl -lobjc -lffi   "
conftest.c:14:57: error: use of undeclared identifier 'ffi_prep_cif_var'
int t(void) { void ((*volatile p)()); p = (void ((*)()))ffi_prep_cif_var; return !p; }
                                                        ^
1 error generated.
checked program was:
/* begin */
 1: #include "ruby.h"
 2: 
 3: /*top*/
 4: extern int t(void);
 5: int main(int argc, char **argv)
 6: {
 7:   if (argc > 1000000) {
 8:     int (* volatile tp)(void)=(int (*)(void))&t;
 9:     printf("%d", (*tp)());
10:   }
11: 
12:   return !!argv[argc];
13: }
14: int t(void) { void ((*volatile p)()); p = (void ((*)()))ffi_prep_cif_var; return !p; }
/* end */

DYLD_FALLBACK_LIBRARY_PATH=.:/Users/cepl/.rubies/ruby-3.1.2/lib "clang -o conftest -I/Users/cepl/.rubies/ruby-3.1.2/include/ruby-3.1.0/arm64-darwin22 -I/Users/cepl/.rubies/ruby-3.1.2/include/ruby-3.1.0/ruby/backward -I/Users/cepl/.rubies/ruby-3.1.2/include/ruby-3.1.0 -I. -I/Library/Developer/CommandLineTools/SDKs/MacOSX.sdk/usr/include/ffi  -I/opt/homebrew/opt/openssl@1.1/include -I/opt/homebrew/opt/readline/include -I/opt/homebrew/opt/libyaml/include -I/opt/homebrew/opt/gdbm/include -D_XOPEN_SOURCE -D_DARWIN_C_SOURCE -D_DARWIN_UNLIMITED_SELECT -D_REENTRANT   -fdeclspec -O3 -fno-fast-math -ggdb3 -Wall -Wextra -Wdeprecated-declarations -Wdivision-by-zero -Wimplicit-function-declaration -Wimplicit-int -Wmisleading-indentation -Wpointer-arith -Wshorten-64-to-32 -Wwrite-strings -Wold-style-definition -Wmissing-noreturn -Wno-cast-function-type -Wno-constant-logical-operand -Wno-long-long -Wno-missing-field-initializers -Wno-overlength-strings -Wno-parentheses-equality -Wno-self-assign -Wno-tautological-compare -Wno-unused-parameter -Wno-unused-value -Wunused-variable -Wextra-tokens -Wundef  -pipe conftest.c  -L. -L/Users/cepl/.rubies/ruby-3.1.2/lib -L/opt/homebrew/opt/openssl@1.1/lib -L/opt/homebrew/opt/readline/lib -L/opt/homebrew/opt/libyaml/lib -L/opt/homebrew/opt/gdbm/lib -L. -fstack-protector-strong -L/usr/local/lib -L/opt/homebrew/opt/openssl@1.1/lib -L/opt/homebrew/opt/readline/lib -L/opt/homebrew/opt/libyaml/lib -L/opt/homebrew/opt/gdbm/lib    -lffi  -lruby.3.1-static -framework CoreFoundation -lpthread -ldl -lobjc -lffi   "
ld: warning: object file (/Users/cepl/.rubies/ruby-3.1.2/lib/libruby.3.1-static.a(dln.o)) was built for newer macOS version (13.0) than being linked (12.3)
ld: warning: object file (/Users/cepl/.rubies/ruby-3.1.2/lib/libruby.3.1-static.a(localeinit.o)) was built for newer macOS version (13.0) than being linked (12.3)
ld: warning: object file (/Users/cepl/.rubies/ruby-3.1.2/lib/libruby.3.1-static.a(loadpath.o)) was built for newer macOS version (13.0) than being linked (12.3)
ld: warning: object file (/Users/cepl/.rubies/ruby-3.1.2/lib/libruby.3.1-static.a(array.o)) was built for newer macOS version (13.0) than being linked (12.3)
ld: warning: object file (/Users/cepl/.rubies/ruby-3.1.2/lib/libruby.3.1-static.a(ast.o)) was built for newer macOS version (13.0) than being linked (12.3)
ld: warning: object file (/Users/cepl/.rubies/ruby-3.1.2/lib/libruby.3.1-static.a(bignum.o)) was built for newer macOS version (13.0) than being linked (12.3)
ld: warning: object file (/Users/cepl/.rubies/ruby-3.1.2/lib/libruby.3.1-static.a(class.o)) was built for newer macOS version (13.0) than being linked (12.3)
ld: warning: object file (/Users/cepl/.rubies/ruby-3.1.2/lib/libruby.3.1-static.a(compar.o)) was built for newer macOS version (13.0) than being linked (12.3)
ld: warning: object file (/Users/cepl/.rubies/ruby-3.1.2/lib/libruby.3.1-static.a(compile.o)) was built for newer macOS version (13.0) than being linked (12.3)
ld: warning: object file (/Users/cepl/.rubies/ruby-3.1.2/lib/libruby.3.1-static.a(complex.o)) was built for newer macOS version (13.0) than being linked (12.3)
ld: warning: object file (/Users/cepl/.rubies/ruby-3.1.2/lib/libruby.3.1-static.a(cont.o)) was built for newer macOS version (13.0) than being linked (12.3)
ld: warning: object file (/Users/cepl/.rubies/ruby-3.1.2/lib/libruby.3.1-static.a(debug.o)) was built for newer macOS version (13.0) than being linked (12.3)
ld: warning: object file (/Users/cepl/.rubies/ruby-3.1.2/lib/libruby.3.1-static.a(debug_counter.o)) was built for newer macOS version (13.0) than being linked (12.3)
ld: warning: object file (/Users/cepl/.rubies/ruby-3.1.2/lib/libruby.3.1-static.a(dir.o)) was built for newer macOS version (13.0) than being linked (12.3)
ld: warning: object file (/Users/cepl/.rubies/ruby-3.1.2/lib/libruby.3.1-static.a(dln_find.o)) was built for newer macOS version (13.0) than being linked (12.3)
ld: warning: object file (/Users/cepl/.rubies/ruby-3.1.2/lib/libruby.3.1-static.a(encoding.o)) was built for newer macOS version (13.0) than being linked (12.3)
ld: warning: object file (/Users/cepl/.rubies/ruby-3.1.2/lib/libruby.3.1-static.a(enum.o)) was built for newer macOS version (13.0) than being linked (12.3)
ld: warning: object file (/Users/cepl/.rubies/ruby-3.1.2/lib/libruby.3.1-static.a(enumerator.o)) was built for newer macOS version (13.0) than being linked (12.3)
ld: warning: object file (/Users/cepl/.rubies/ruby-3.1.2/lib/libruby.3.1-static.a(error.o)) was built for newer macOS version (13.0) than being linked (12.3)
ld: warning: object file (/Users/cepl/.rubies/ruby-3.1.2/lib/libruby.3.1-static.a(eval.o)) was built for newer macOS version (13.0) than being linked (12.3)
ld: warning: object file (/Users/cepl/.rubies/ruby-3.1.2/lib/libruby.3.1-static.a(file.o)) was built for newer macOS version (13.0) than being linked (12.3)
ld: warning: object file (/Users/cepl/.rubies/ruby-3.1.2/lib/libruby.3.1-static.a(gc.o)) was built for newer macOS version (13.0) than being linked (12.3)
ld: warning: object file (/Users/cepl/.rubies/ruby-3.1.2/lib/libruby.3.1-static.a(hash.o)) was built for newer macOS version (13.0) than being linked (12.3)
ld: warning: object file (/Users/cepl/.rubies/ruby-3.1.2/lib/libruby.3.1-static.a(inits.o)) was built for newer macOS version (13.0) than being linked (12.3)
ld: warning: object file (/Users/cepl/.rubies/ruby-3.1.2/lib/libruby.3.1-static.a(io.o)) was built for newer macOS version (13.0) than being linked (12.3)
ld: warning: object file (/Users/cepl/.rubies/ruby-3.1.2/lib/libruby.3.1-static.a(io_buffer.o)) was built for newer macOS version (13.0) than being linked (12.3)
ld: warning: object file (/Users/cepl/.rubies/ruby-3.1.2/lib/libruby.3.1-static.a(iseq.o)) was built for newer macOS version (13.0) than being linked (12.3)
ld: warning: object file (/Users/cepl/.rubies/ruby-3.1.2/lib/libruby.3.1-static.a(load.o)) was built for newer macOS version (13.0) than being linked (12.3)
ld: warning: object file (/Users/cepl/.rubies/ruby-3.1.2/lib/libruby.3.1-static.a(marshal.o)) was built for newer macOS version (13.0) than being linked (12.3)
ld: warning: object file (/Users/cepl/.rubies/ruby-3.1.2/lib/libruby.3.1-static.a(math.o)) was built for newer macOS version (13.0) than being linked (12.3)
ld: warning: object file (/Users/cepl/.rubies/ruby-3.1.2/lib/libruby.3.1-static.a(memory_view.o)) was built for newer macOS version (13.0) than being linked (12.3)
ld: warning: object file (/Users/cepl/.rubies/ruby-3.1.2/lib/libruby.3.1-static.a(mjit.o)) was built for newer macOS version (13.0) than being linked (12.3)
ld: warning: object file (/Users/cepl/.rubies/ruby-3.1.2/lib/libruby.3.1-static.a(mjit_compile.o)) was built for newer macOS version (13.0) than being linked (12.3)
ld: warning: object file (/Users/cepl/.rubies/ruby-3.1.2/lib/libruby.3.1-static.a(node.o)) was built for newer macOS version (13.0) than being linked (12.3)
ld: warning: object file (/Users/cepl/.rubies/ruby-3.1.2/lib/libruby.3.1-static.a(numeric.o)) was built for newer macOS version (13.0) than being linked (12.3)
ld: warning: object file (/Users/cepl/.rubies/ruby-3.1.2/lib/libruby.3.1-static.a(object.o)) was built for newer macOS version (13.0) than being linked (12.3)
ld: warning: object file (/Users/cepl/.rubies/ruby-3.1.2/lib/libruby.3.1-static.a(pack.o)) was built for newer macOS version (13.0) than being linked (12.3)
ld: warning: object file (/Users/cepl/.rubies/ruby-3.1.2/lib/libruby.3.1-static.a(parse.o)) was built for newer macOS version (13.0) than being linked (12.3)
ld: warning: object file (/Users/cepl/.rubies/ruby-3.1.2/lib/libruby.3.1-static.a(proc.o)) was built for newer macOS version (13.0) than being linked (12.3)
ld: warning: object file (/Users/cepl/.rubies/ruby-3.1.2/lib/libruby.3.1-static.a(process.o)) was built for newer macOS version (13.0) than being linked (12.3)
ld: warning: object file (/Users/cepl/.rubies/ruby-3.1.2/lib/libruby.3.1-static.a(ractor.o)) was built for newer macOS version (13.0) than being linked (12.3)
ld: warning: object file (/Users/cepl/.rubies/ruby-3.1.2/lib/libruby.3.1-static.a(random.o)) was built for newer macOS version (13.0) than being linked (12.3)
ld: warning: object file (/Users/cepl/.rubies/ruby-3.1.2/lib/libruby.3.1-static.a(range.o)) was built for newer macOS version (13.0) than being linked (12.3)
ld: warning: object file (/Users/cepl/.rubies/ruby-3.1.2/lib/libruby.3.1-static.a(rational.o)) was built for newer macOS version (13.0) than being linked (12.3)
ld: warning: object file (/Users/cepl/.rubies/ruby-3.1.2/lib/libruby.3.1-static.a(re.o)) was built for newer macOS version (13.0) than being linked (12.3)
ld: warning: object file (/Users/cepl/.rubies/ruby-3.1.2/lib/libruby.3.1-static.a(regcomp.o)) was built for newer macOS version (13.0) than being linked (12.3)
ld: warning: object file (/Users/cepl/.rubies/ruby-3.1.2/lib/libruby.3.1-static.a(regenc.o)) was built for newer macOS version (13.0) than being linked (12.3)
ld: warning: object file (/Users/cepl/.rubies/ruby-3.1.2/lib/libruby.3.1-static.a(regerror.o)) was built for newer macOS version (13.0) than being linked (12.3)
ld: warning: object file (/Users/cepl/.rubies/ruby-3.1.2/lib/libruby.3.1-static.a(regexec.o)) was built for newer macOS version (13.0) than being linked (12.3)
ld: warning: object file (/Users/cepl/.rubies/ruby-3.1.2/lib/libruby.3.1-static.a(regparse.o)) was built for newer macOS version (13.0) than being linked (12.3)
ld: warning: object file (/Users/cepl/.rubies/ruby-3.1.2/lib/libruby.3.1-static.a(regsyntax.o)) was built for newer macOS version (13.0) than being linked (12.3)
ld: warning: object file (/Users/cepl/.rubies/ruby-3.1.2/lib/libruby.3.1-static.a(ruby.o)) was built for newer macOS version (13.0) than being linked (12.3)
ld: warning: object file (/Users/cepl/.rubies/ruby-3.1.2/lib/libruby.3.1-static.a(scheduler.o)) was built for newer macOS version (13.0) than being linked (12.3)
ld: warning: object file (/Users/cepl/.rubies/ruby-3.1.2/lib/libruby.3.1-static.a(signal.o)) was built for newer macOS version (13.0) than being linked (12.3)
ld: warning: object file (/Users/cepl/.rubies/ruby-3.1.2/lib/libruby.3.1-static.a(sprintf.o)) was built for newer macOS version (13.0) than being linked (12.3)
ld: warning: object file (/Users/cepl/.rubies/ruby-3.1.2/lib/libruby.3.1-static.a(st.o)) was built for newer macOS version (13.0) than being linked (12.3)
ld: warning: object file (/Users/cepl/.rubies/ruby-3.1.2/lib/libruby.3.1-static.a(strftime.o)) was built for newer macOS version (13.0) than being linked (12.3)
ld: warning: object file (/Users/cepl/.rubies/ruby-3.1.2/lib/libruby.3.1-static.a(string.o)) was built for newer macOS version (13.0) than being linked (12.3)
ld: warning: object file (/Users/cepl/.rubies/ruby-3.1.2/lib/libruby.3.1-static.a(struct.o)) was built for newer macOS version (13.0) than being linked (12.3)
ld: warning: object file (/Users/cepl/.rubies/ruby-3.1.2/lib/libruby.3.1-static.a(symbol.o)) was built for newer macOS version (13.0) than being linked (12.3)
ld: warning: object file (/Users/cepl/.rubies/ruby-3.1.2/lib/libruby.3.1-static.a(thread.o)) was built for newer macOS version (13.0) than being linked (12.3)
ld: warning: object file (/Users/cepl/.rubies/ruby-3.1.2/lib/libruby.3.1-static.a(time.o)) was built for newer macOS version (13.0) than being linked (12.3)
ld: warning: object file (/Users/cepl/.rubies/ruby-3.1.2/lib/libruby.3.1-static.a(transcode.o)) was built for newer macOS version (13.0) than being linked (12.3)
ld: warning: object file (/Users/cepl/.rubies/ruby-3.1.2/lib/libruby.3.1-static.a(transient_heap.o)) was built for newer macOS version (13.0) than being linked (12.3)
ld: warning: object file (/Users/cepl/.rubies/ruby-3.1.2/lib/libruby.3.1-static.a(util.o)) was built for newer macOS version (13.0) than being linked (12.3)
ld: warning: object file (/Users/cepl/.rubies/ruby-3.1.2/lib/libruby.3.1-static.a(variable.o)) was built for newer macOS version (13.0) than being linked (12.3)
ld: warning: object file (/Users/cepl/.rubies/ruby-3.1.2/lib/libruby.3.1-static.a(version.o)) was built for newer macOS version (13.0) than being linked (12.3)
ld: warning: object file (/Users/cepl/.rubies/ruby-3.1.2/lib/libruby.3.1-static.a(vm.o)) was built for newer macOS version (13.0) than being linked (12.3)
ld: warning: object file (/Users/cepl/.rubies/ruby-3.1.2/lib/libruby.3.1-static.a(vm_backtrace.o)) was built for newer macOS version (13.0) than being linked (12.3)
ld: warning: object file (/Users/cepl/.rubies/ruby-3.1.2/lib/libruby.3.1-static.a(vm_dump.o)) was built for newer macOS version (13.0) than being linked (12.3)
ld: warning: object file (/Users/cepl/.rubies/ruby-3.1.2/lib/libruby.3.1-static.a(vm_sync.o)) was built for newer macOS version (13.0) than being linked (12.3)
ld: warning: object file (/Users/cepl/.rubies/ruby-3.1.2/lib/libruby.3.1-static.a(vm_trace.o)) was built for newer macOS version (13.0) than being linked (12.3)
ld: warning: object file (/Users/cepl/.rubies/ruby-3.1.2/lib/libruby.3.1-static.a(yjit.o)) was built for newer macOS version (13.0) than being linked (12.3)
ld: warning: object file (/Users/cepl/.rubies/ruby-3.1.2/lib/libruby.3.1-static.a(Context.o)) was built for newer macOS version (13.0) than being linked (12.3)
ld: warning: object file (/Users/cepl/.rubies/ruby-3.1.2/lib/libruby.3.1-static.a(ascii.o)) was built for newer macOS version (13.0) than being linked (12.3)
ld: warning: object file (/Users/cepl/.rubies/ruby-3.1.2/lib/libruby.3.1-static.a(us_ascii.o)) was built for newer macOS version (13.0) than being linked (12.3)
ld: warning: object file (/Users/cepl/.rubies/ruby-3.1.2/lib/libruby.3.1-static.a(unicode.o)) was built for newer macOS version (13.0) than being linked (12.3)
ld: warning: object file (/Users/cepl/.rubies/ruby-3.1.2/lib/libruby.3.1-static.a(utf_8.o)) was built for newer macOS version (13.0) than being linked (12.3)
ld: warning: object file (/Users/cepl/.rubies/ruby-3.1.2/lib/libruby.3.1-static.a(newline.o)) was built for newer macOS version (13.0) than being linked (12.3)
ld: warning: object file (/Users/cepl/.rubies/ruby-3.1.2/lib/libruby.3.1-static.a(explicit_bzero.o)) was built for newer macOS version (13.0) than being linked (12.3)
ld: warning: object file (/Users/cepl/.rubies/ruby-3.1.2/lib/libruby.3.1-static.a(setproctitle.o)) was built for newer macOS version (13.0) than being linked (12.3)
ld: warning: object file (/Users/cepl/.rubies/ruby-3.1.2/lib/libruby.3.1-static.a(addr2line.o)) was built for newer macOS version (13.0) than being linked (12.3)
ld: warning: object file (/Users/cepl/.rubies/ruby-3.1.2/lib/libruby.3.1-static.a(builtin.o)) was built for newer macOS version (13.0) than being linked (12.3)
ld: warning: object file (/Users/cepl/.rubies/ruby-3.1.2/lib/libruby.3.1-static.a(dmyext.o)) was built for newer macOS version (13.0) than being linked (12.3)
ld: warning: object file (/Users/cepl/.rubies/ruby-3.1.2/lib/libruby.3.1-static.a(dmyenc.o)) was built for newer macOS version (13.0) than being linked (12.3)
checked program was:
/* begin */
 1: #include "ruby.h"
 2: 
 3: /*top*/
 4: extern int t(void);
 5: int main(int argc, char **argv)
 6: {
 7:   if (argc > 1000000) {
 8:     int (* volatile tp)(void)=(int (*)(void))&t;
 9:     printf("%d", (*tp)());
10:   }
11: 
12:   return !!argv[argc];
13: }
14: extern void ffi_prep_cif_var();
15: int t(void) { ffi_prep_cif_var(); return 0; }
/* end */

--------------------

have_func: checking for ffi_raw_call()... -------------------- yes

DYLD_FALLBACK_LIBRARY_PATH=.:/Users/cepl/.rubies/ruby-3.1.2/lib "clang -o conftest -I/Users/cepl/.rubies/ruby-3.1.2/include/ruby-3.1.0/arm64-darwin22 -I/Users/cepl/.rubies/ruby-3.1.2/include/ruby-3.1.0/ruby/backward -I/Users/cepl/.rubies/ruby-3.1.2/include/ruby-3.1.0 -I. -I/Library/Developer/CommandLineTools/SDKs/MacOSX.sdk/usr/include/ffi  -I/opt/homebrew/opt/openssl@1.1/include -I/opt/homebrew/opt/readline/include -I/opt/homebrew/opt/libyaml/include -I/opt/homebrew/opt/gdbm/include -D_XOPEN_SOURCE -D_DARWIN_C_SOURCE -D_DARWIN_UNLIMITED_SELECT -D_REENTRANT   -fdeclspec -O3 -fno-fast-math -ggdb3 -Wall -Wextra -Wdeprecated-declarations -Wdivision-by-zero -Wimplicit-function-declaration -Wimplicit-int -Wmisleading-indentation -Wpointer-arith -Wshorten-64-to-32 -Wwrite-strings -Wold-style-definition -Wmissing-noreturn -Wno-cast-function-type -Wno-constant-logical-operand -Wno-long-long -Wno-missing-field-initializers -Wno-overlength-strings -Wno-parentheses-equality -Wno-self-assign -Wno-tautological-compare -Wno-unused-parameter -Wno-unused-value -Wunused-variable -Wextra-tokens -Wundef  -pipe conftest.c  -L. -L/Users/cepl/.rubies/ruby-3.1.2/lib -L/opt/homebrew/opt/openssl@1.1/lib -L/opt/homebrew/opt/readline/lib -L/opt/homebrew/opt/libyaml/lib -L/opt/homebrew/opt/gdbm/lib -L. -fstack-protector-strong -L/usr/local/lib -L/opt/homebrew/opt/openssl@1.1/lib -L/opt/homebrew/opt/readline/lib -L/opt/homebrew/opt/libyaml/lib -L/opt/homebrew/opt/gdbm/lib    -lffi  -lruby.3.1-static -framework CoreFoundation -lpthread -ldl -lobjc -lffi   "
conftest.c:14:57: error: use of undeclared identifier 'ffi_raw_call'
int t(void) { void ((*volatile p)()); p = (void ((*)()))ffi_raw_call; return !p; }
                                                        ^
1 error generated.
checked program was:
/* begin */
 1: #include "ruby.h"
 2: 
 3: /*top*/
 4: extern int t(void);
 5: int main(int argc, char **argv)
 6: {
 7:   if (argc > 1000000) {
 8:     int (* volatile tp)(void)=(int (*)(void))&t;
 9:     printf("%d", (*tp)());
10:   }
11: 
12:   return !!argv[argc];
13: }
14: int t(void) { void ((*volatile p)()); p = (void ((*)()))ffi_raw_call; return !p; }
/* end */

DYLD_FALLBACK_LIBRARY_PATH=.:/Users/cepl/.rubies/ruby-3.1.2/lib "clang -o conftest -I/Users/cepl/.rubies/ruby-3.1.2/include/ruby-3.1.0/arm64-darwin22 -I/Users/cepl/.rubies/ruby-3.1.2/include/ruby-3.1.0/ruby/backward -I/Users/cepl/.rubies/ruby-3.1.2/include/ruby-3.1.0 -I. -I/Library/Developer/CommandLineTools/SDKs/MacOSX.sdk/usr/include/ffi  -I/opt/homebrew/opt/openssl@1.1/include -I/opt/homebrew/opt/readline/include -I/opt/homebrew/opt/libyaml/include -I/opt/homebrew/opt/gdbm/include -D_XOPEN_SOURCE -D_DARWIN_C_SOURCE -D_DARWIN_UNLIMITED_SELECT -D_REENTRANT   -fdeclspec -O3 -fno-fast-math -ggdb3 -Wall -Wextra -Wdeprecated-declarations -Wdivision-by-zero -Wimplicit-function-declaration -Wimplicit-int -Wmisleading-indentation -Wpointer-arith -Wshorten-64-to-32 -Wwrite-strings -Wold-style-definition -Wmissing-noreturn -Wno-cast-function-type -Wno-constant-logical-operand -Wno-long-long -Wno-missing-field-initializers -Wno-overlength-strings -Wno-parentheses-equality -Wno-self-assign -Wno-tautological-compare -Wno-unused-parameter -Wno-unused-value -Wunused-variable -Wextra-tokens -Wundef  -pipe conftest.c  -L. -L/Users/cepl/.rubies/ruby-3.1.2/lib -L/opt/homebrew/opt/openssl@1.1/lib -L/opt/homebrew/opt/readline/lib -L/opt/homebrew/opt/libyaml/lib -L/opt/homebrew/opt/gdbm/lib -L. -fstack-protector-strong -L/usr/local/lib -L/opt/homebrew/opt/openssl@1.1/lib -L/opt/homebrew/opt/readline/lib -L/opt/homebrew/opt/libyaml/lib -L/opt/homebrew/opt/gdbm/lib    -lffi  -lruby.3.1-static -framework CoreFoundation -lpthread -ldl -lobjc -lffi   "
ld: warning: object file (/Users/cepl/.rubies/ruby-3.1.2/lib/libruby.3.1-static.a(dln.o)) was built for newer macOS version (13.0) than being linked (12.3)
ld: warning: object file (/Users/cepl/.rubies/ruby-3.1.2/lib/libruby.3.1-static.a(localeinit.o)) was built for newer macOS version (13.0) than being linked (12.3)
ld: warning: object file (/Users/cepl/.rubies/ruby-3.1.2/lib/libruby.3.1-static.a(loadpath.o)) was built for newer macOS version (13.0) than being linked (12.3)
ld: warning: object file (/Users/cepl/.rubies/ruby-3.1.2/lib/libruby.3.1-static.a(array.o)) was built for newer macOS version (13.0) than being linked (12.3)
ld: warning: object file (/Users/cepl/.rubies/ruby-3.1.2/lib/libruby.3.1-static.a(ast.o)) was built for newer macOS version (13.0) than being linked (12.3)
ld: warning: object file (/Users/cepl/.rubies/ruby-3.1.2/lib/libruby.3.1-static.a(bignum.o)) was built for newer macOS version (13.0) than being linked (12.3)
ld: warning: object file (/Users/cepl/.rubies/ruby-3.1.2/lib/libruby.3.1-static.a(class.o)) was built for newer macOS version (13.0) than being linked (12.3)
ld: warning: object file (/Users/cepl/.rubies/ruby-3.1.2/lib/libruby.3.1-static.a(compar.o)) was built for newer macOS version (13.0) than being linked (12.3)
ld: warning: object file (/Users/cepl/.rubies/ruby-3.1.2/lib/libruby.3.1-static.a(compile.o)) was built for newer macOS version (13.0) than being linked (12.3)
ld: warning: object file (/Users/cepl/.rubies/ruby-3.1.2/lib/libruby.3.1-static.a(complex.o)) was built for newer macOS version (13.0) than being linked (12.3)
ld: warning: object file (/Users/cepl/.rubies/ruby-3.1.2/lib/libruby.3.1-static.a(cont.o)) was built for newer macOS version (13.0) than being linked (12.3)
ld: warning: object file (/Users/cepl/.rubies/ruby-3.1.2/lib/libruby.3.1-static.a(debug.o)) was built for newer macOS version (13.0) than being linked (12.3)
ld: warning: object file (/Users/cepl/.rubies/ruby-3.1.2/lib/libruby.3.1-static.a(debug_counter.o)) was built for newer macOS version (13.0) than being linked (12.3)
ld: warning: object file (/Users/cepl/.rubies/ruby-3.1.2/lib/libruby.3.1-static.a(dir.o)) was built for newer macOS version (13.0) than being linked (12.3)
ld: warning: object file (/Users/cepl/.rubies/ruby-3.1.2/lib/libruby.3.1-static.a(dln_find.o)) was built for newer macOS version (13.0) than being linked (12.3)
ld: warning: object file (/Users/cepl/.rubies/ruby-3.1.2/lib/libruby.3.1-static.a(encoding.o)) was built for newer macOS version (13.0) than being linked (12.3)
ld: warning: object file (/Users/cepl/.rubies/ruby-3.1.2/lib/libruby.3.1-static.a(enum.o)) was built for newer macOS version (13.0) than being linked (12.3)
ld: warning: object file (/Users/cepl/.rubies/ruby-3.1.2/lib/libruby.3.1-static.a(enumerator.o)) was built for newer macOS version (13.0) than being linked (12.3)
ld: warning: object file (/Users/cepl/.rubies/ruby-3.1.2/lib/libruby.3.1-static.a(error.o)) was built for newer macOS version (13.0) than being linked (12.3)
ld: warning: object file (/Users/cepl/.rubies/ruby-3.1.2/lib/libruby.3.1-static.a(eval.o)) was built for newer macOS version (13.0) than being linked (12.3)
ld: warning: object file (/Users/cepl/.rubies/ruby-3.1.2/lib/libruby.3.1-static.a(file.o)) was built for newer macOS version (13.0) than being linked (12.3)
ld: warning: object file (/Users/cepl/.rubies/ruby-3.1.2/lib/libruby.3.1-static.a(gc.o)) was built for newer macOS version (13.0) than being linked (12.3)
ld: warning: object file (/Users/cepl/.rubies/ruby-3.1.2/lib/libruby.3.1-static.a(hash.o)) was built for newer macOS version (13.0) than being linked (12.3)
ld: warning: object file (/Users/cepl/.rubies/ruby-3.1.2/lib/libruby.3.1-static.a(inits.o)) was built for newer macOS version (13.0) than being linked (12.3)
ld: warning: object file (/Users/cepl/.rubies/ruby-3.1.2/lib/libruby.3.1-static.a(io.o)) was built for newer macOS version (13.0) than being linked (12.3)
ld: warning: object file (/Users/cepl/.rubies/ruby-3.1.2/lib/libruby.3.1-static.a(io_buffer.o)) was built for newer macOS version (13.0) than being linked (12.3)
ld: warning: object file (/Users/cepl/.rubies/ruby-3.1.2/lib/libruby.3.1-static.a(iseq.o)) was built for newer macOS version (13.0) than being linked (12.3)
ld: warning: object file (/Users/cepl/.rubies/ruby-3.1.2/lib/libruby.3.1-static.a(load.o)) was built for newer macOS version (13.0) than being linked (12.3)
ld: warning: object file (/Users/cepl/.rubies/ruby-3.1.2/lib/libruby.3.1-static.a(marshal.o)) was built for newer macOS version (13.0) than being linked (12.3)
ld: warning: object file (/Users/cepl/.rubies/ruby-3.1.2/lib/libruby.3.1-static.a(math.o)) was built for newer macOS version (13.0) than being linked (12.3)
ld: warning: object file (/Users/cepl/.rubies/ruby-3.1.2/lib/libruby.3.1-static.a(memory_view.o)) was built for newer macOS version (13.0) than being linked (12.3)
ld: warning: object file (/Users/cepl/.rubies/ruby-3.1.2/lib/libruby.3.1-static.a(mjit.o)) was built for newer macOS version (13.0) than being linked (12.3)
ld: warning: object file (/Users/cepl/.rubies/ruby-3.1.2/lib/libruby.3.1-static.a(mjit_compile.o)) was built for newer macOS version (13.0) than being linked (12.3)
ld: warning: object file (/Users/cepl/.rubies/ruby-3.1.2/lib/libruby.3.1-static.a(node.o)) was built for newer macOS version (13.0) than being linked (12.3)
ld: warning: object file (/Users/cepl/.rubies/ruby-3.1.2/lib/libruby.3.1-static.a(numeric.o)) was built for newer macOS version (13.0) than being linked (12.3)
ld: warning: object file (/Users/cepl/.rubies/ruby-3.1.2/lib/libruby.3.1-static.a(object.o)) was built for newer macOS version (13.0) than being linked (12.3)
ld: warning: object file (/Users/cepl/.rubies/ruby-3.1.2/lib/libruby.3.1-static.a(pack.o)) was built for newer macOS version (13.0) than being linked (12.3)
ld: warning: object file (/Users/cepl/.rubies/ruby-3.1.2/lib/libruby.3.1-static.a(parse.o)) was built for newer macOS version (13.0) than being linked (12.3)
ld: warning: object file (/Users/cepl/.rubies/ruby-3.1.2/lib/libruby.3.1-static.a(proc.o)) was built for newer macOS version (13.0) than being linked (12.3)
ld: warning: object file (/Users/cepl/.rubies/ruby-3.1.2/lib/libruby.3.1-static.a(process.o)) was built for newer macOS version (13.0) than being linked (12.3)
ld: warning: object file (/Users/cepl/.rubies/ruby-3.1.2/lib/libruby.3.1-static.a(ractor.o)) was built for newer macOS version (13.0) than being linked (12.3)
ld: warning: object file (/Users/cepl/.rubies/ruby-3.1.2/lib/libruby.3.1-static.a(random.o)) was built for newer macOS version (13.0) than being linked (12.3)
ld: warning: object file (/Users/cepl/.rubies/ruby-3.1.2/lib/libruby.3.1-static.a(range.o)) was built for newer macOS version (13.0) than being linked (12.3)
ld: warning: object file (/Users/cepl/.rubies/ruby-3.1.2/lib/libruby.3.1-static.a(rational.o)) was built for newer macOS version (13.0) than being linked (12.3)
ld: warning: object file (/Users/cepl/.rubies/ruby-3.1.2/lib/libruby.3.1-static.a(re.o)) was built for newer macOS version (13.0) than being linked (12.3)
ld: warning: object file (/Users/cepl/.rubies/ruby-3.1.2/lib/libruby.3.1-static.a(regcomp.o)) was built for newer macOS version (13.0) than being linked (12.3)
ld: warning: object file (/Users/cepl/.rubies/ruby-3.1.2/lib/libruby.3.1-static.a(regenc.o)) was built for newer macOS version (13.0) than being linked (12.3)
ld: warning: object file (/Users/cepl/.rubies/ruby-3.1.2/lib/libruby.3.1-static.a(regerror.o)) was built for newer macOS version (13.0) than being linked (12.3)
ld: warning: object file (/Users/cepl/.rubies/ruby-3.1.2/lib/libruby.3.1-static.a(regexec.o)) was built for newer macOS version (13.0) than being linked (12.3)
ld: warning: object file (/Users/cepl/.rubies/ruby-3.1.2/lib/libruby.3.1-static.a(regparse.o)) was built for newer macOS version (13.0) than being linked (12.3)
ld: warning: object file (/Users/cepl/.rubies/ruby-3.1.2/lib/libruby.3.1-static.a(regsyntax.o)) was built for newer macOS version (13.0) than being linked (12.3)
ld: warning: object file (/Users/cepl/.rubies/ruby-3.1.2/lib/libruby.3.1-static.a(ruby.o)) was built for newer macOS version (13.0) than being linked (12.3)
ld: warning: object file (/Users/cepl/.rubies/ruby-3.1.2/lib/libruby.3.1-static.a(scheduler.o)) was built for newer macOS version (13.0) than being linked (12.3)
ld: warning: object file (/Users/cepl/.rubies/ruby-3.1.2/lib/libruby.3.1-static.a(signal.o)) was built for newer macOS version (13.0) than being linked (12.3)
ld: warning: object file (/Users/cepl/.rubies/ruby-3.1.2/lib/libruby.3.1-static.a(sprintf.o)) was built for newer macOS version (13.0) than being linked (12.3)
ld: warning: object file (/Users/cepl/.rubies/ruby-3.1.2/lib/libruby.3.1-static.a(st.o)) was built for newer macOS version (13.0) than being linked (12.3)
ld: warning: object file (/Users/cepl/.rubies/ruby-3.1.2/lib/libruby.3.1-static.a(strftime.o)) was built for newer macOS version (13.0) than being linked (12.3)
ld: warning: object file (/Users/cepl/.rubies/ruby-3.1.2/lib/libruby.3.1-static.a(string.o)) was built for newer macOS version (13.0) than being linked (12.3)
ld: warning: object file (/Users/cepl/.rubies/ruby-3.1.2/lib/libruby.3.1-static.a(struct.o)) was built for newer macOS version (13.0) than being linked (12.3)
ld: warning: object file (/Users/cepl/.rubies/ruby-3.1.2/lib/libruby.3.1-static.a(symbol.o)) was built for newer macOS version (13.0) than being linked (12.3)
ld: warning: object file (/Users/cepl/.rubies/ruby-3.1.2/lib/libruby.3.1-static.a(thread.o)) was built for newer macOS version (13.0) than being linked (12.3)
ld: warning: object file (/Users/cepl/.rubies/ruby-3.1.2/lib/libruby.3.1-static.a(time.o)) was built for newer macOS version (13.0) than being linked (12.3)
ld: warning: object file (/Users/cepl/.rubies/ruby-3.1.2/lib/libruby.3.1-static.a(transcode.o)) was built for newer macOS version (13.0) than being linked (12.3)
ld: warning: object file (/Users/cepl/.rubies/ruby-3.1.2/lib/libruby.3.1-static.a(transient_heap.o)) was built for newer macOS version (13.0) than being linked (12.3)
ld: warning: object file (/Users/cepl/.rubies/ruby-3.1.2/lib/libruby.3.1-static.a(util.o)) was built for newer macOS version (13.0) than being linked (12.3)
ld: warning: object file (/Users/cepl/.rubies/ruby-3.1.2/lib/libruby.3.1-static.a(variable.o)) was built for newer macOS version (13.0) than being linked (12.3)
ld: warning: object file (/Users/cepl/.rubies/ruby-3.1.2/lib/libruby.3.1-static.a(version.o)) was built for newer macOS version (13.0) than being linked (12.3)
ld: warning: object file (/Users/cepl/.rubies/ruby-3.1.2/lib/libruby.3.1-static.a(vm.o)) was built for newer macOS version (13.0) than being linked (12.3)
ld: warning: object file (/Users/cepl/.rubies/ruby-3.1.2/lib/libruby.3.1-static.a(vm_backtrace.o)) was built for newer macOS version (13.0) than being linked (12.3)
ld: warning: object file (/Users/cepl/.rubies/ruby-3.1.2/lib/libruby.3.1-static.a(vm_dump.o)) was built for newer macOS version (13.0) than being linked (12.3)
ld: warning: object file (/Users/cepl/.rubies/ruby-3.1.2/lib/libruby.3.1-static.a(vm_sync.o)) was built for newer macOS version (13.0) than being linked (12.3)
ld: warning: object file (/Users/cepl/.rubies/ruby-3.1.2/lib/libruby.3.1-static.a(vm_trace.o)) was built for newer macOS version (13.0) than being linked (12.3)
ld: warning: object file (/Users/cepl/.rubies/ruby-3.1.2/lib/libruby.3.1-static.a(yjit.o)) was built for newer macOS version (13.0) than being linked (12.3)
ld: warning: object file (/Users/cepl/.rubies/ruby-3.1.2/lib/libruby.3.1-static.a(Context.o)) was built for newer macOS version (13.0) than being linked (12.3)
ld: warning: object file (/Users/cepl/.rubies/ruby-3.1.2/lib/libruby.3.1-static.a(ascii.o)) was built for newer macOS version (13.0) than being linked (12.3)
ld: warning: object file (/Users/cepl/.rubies/ruby-3.1.2/lib/libruby.3.1-static.a(us_ascii.o)) was built for newer macOS version (13.0) than being linked (12.3)
ld: warning: object file (/Users/cepl/.rubies/ruby-3.1.2/lib/libruby.3.1-static.a(unicode.o)) was built for newer macOS version (13.0) than being linked (12.3)
ld: warning: object file (/Users/cepl/.rubies/ruby-3.1.2/lib/libruby.3.1-static.a(utf_8.o)) was built for newer macOS version (13.0) than being linked (12.3)
ld: warning: object file (/Users/cepl/.rubies/ruby-3.1.2/lib/libruby.3.1-static.a(newline.o)) was built for newer macOS version (13.0) than being linked (12.3)
ld: warning: object file (/Users/cepl/.rubies/ruby-3.1.2/lib/libruby.3.1-static.a(explicit_bzero.o)) was built for newer macOS version (13.0) than being linked (12.3)
ld: warning: object file (/Users/cepl/.rubies/ruby-3.1.2/lib/libruby.3.1-static.a(setproctitle.o)) was built for newer macOS version (13.0) than being linked (12.3)
ld: warning: object file (/Users/cepl/.rubies/ruby-3.1.2/lib/libruby.3.1-static.a(addr2line.o)) was built for newer macOS version (13.0) than being linked (12.3)
ld: warning: object file (/Users/cepl/.rubies/ruby-3.1.2/lib/libruby.3.1-static.a(builtin.o)) was built for newer macOS version (13.0) than being linked (12.3)
ld: warning: object file (/Users/cepl/.rubies/ruby-3.1.2/lib/libruby.3.1-static.a(dmyext.o)) was built for newer macOS version (13.0) than being linked (12.3)
ld: warning: object file (/Users/cepl/.rubies/ruby-3.1.2/lib/libruby.3.1-static.a(dmyenc.o)) was built for newer macOS version (13.0) than being linked (12.3)
checked program was:
/* begin */
 1: #include "ruby.h"
 2: 
 3: /*top*/
 4: extern int t(void);
 5: int main(int argc, char **argv)
 6: {
 7:   if (argc > 1000000) {
 8:     int (* volatile tp)(void)=(int (*)(void))&t;
 9:     printf("%d", (*tp)());
10:   }
11: 
12:   return !!argv[argc];
13: }
14: extern void ffi_raw_call();
15: int t(void) { ffi_raw_call(); return 0; }
/* end */

--------------------

have_func: checking for ffi_prep_raw_closure()... -------------------- yes

DYLD_FALLBACK_LIBRARY_PATH=.:/Users/cepl/.rubies/ruby-3.1.2/lib "clang -o conftest -I/Users/cepl/.rubies/ruby-3.1.2/include/ruby-3.1.0/arm64-darwin22 -I/Users/cepl/.rubies/ruby-3.1.2/include/ruby-3.1.0/ruby/backward -I/Users/cepl/.rubies/ruby-3.1.2/include/ruby-3.1.0 -I. -I/Library/Developer/CommandLineTools/SDKs/MacOSX.sdk/usr/include/ffi  -I/opt/homebrew/opt/openssl@1.1/include -I/opt/homebrew/opt/readline/include -I/opt/homebrew/opt/libyaml/include -I/opt/homebrew/opt/gdbm/include -D_XOPEN_SOURCE -D_DARWIN_C_SOURCE -D_DARWIN_UNLIMITED_SELECT -D_REENTRANT   -fdeclspec -O3 -fno-fast-math -ggdb3 -Wall -Wextra -Wdeprecated-declarations -Wdivision-by-zero -Wimplicit-function-declaration -Wimplicit-int -Wmisleading-indentation -Wpointer-arith -Wshorten-64-to-32 -Wwrite-strings -Wold-style-definition -Wmissing-noreturn -Wno-cast-function-type -Wno-constant-logical-operand -Wno-long-long -Wno-missing-field-initializers -Wno-overlength-strings -Wno-parentheses-equality -Wno-self-assign -Wno-tautological-compare -Wno-unused-parameter -Wno-unused-value -Wunused-variable -Wextra-tokens -Wundef  -pipe conftest.c  -L. -L/Users/cepl/.rubies/ruby-3.1.2/lib -L/opt/homebrew/opt/openssl@1.1/lib -L/opt/homebrew/opt/readline/lib -L/opt/homebrew/opt/libyaml/lib -L/opt/homebrew/opt/gdbm/lib -L. -fstack-protector-strong -L/usr/local/lib -L/opt/homebrew/opt/openssl@1.1/lib -L/opt/homebrew/opt/readline/lib -L/opt/homebrew/opt/libyaml/lib -L/opt/homebrew/opt/gdbm/lib    -lffi  -lruby.3.1-static -framework CoreFoundation -lpthread -ldl -lobjc -lffi   "
conftest.c:14:57: error: use of undeclared identifier 'ffi_prep_raw_closure'
int t(void) { void ((*volatile p)()); p = (void ((*)()))ffi_prep_raw_closure; return !p; }
                                                        ^
1 error generated.
checked program was:
/* begin */
 1: #include "ruby.h"
 2: 
 3: /*top*/
 4: extern int t(void);
 5: int main(int argc, char **argv)
 6: {
 7:   if (argc > 1000000) {
 8:     int (* volatile tp)(void)=(int (*)(void))&t;
 9:     printf("%d", (*tp)());
10:   }
11: 
12:   return !!argv[argc];
13: }
14: int t(void) { void ((*volatile p)()); p = (void ((*)()))ffi_prep_raw_closure; return !p; }
/* end */

DYLD_FALLBACK_LIBRARY_PATH=.:/Users/cepl/.rubies/ruby-3.1.2/lib "clang -o conftest -I/Users/cepl/.rubies/ruby-3.1.2/include/ruby-3.1.0/arm64-darwin22 -I/Users/cepl/.rubies/ruby-3.1.2/include/ruby-3.1.0/ruby/backward -I/Users/cepl/.rubies/ruby-3.1.2/include/ruby-3.1.0 -I. -I/Library/Developer/CommandLineTools/SDKs/MacOSX.sdk/usr/include/ffi  -I/opt/homebrew/opt/openssl@1.1/include -I/opt/homebrew/opt/readline/include -I/opt/homebrew/opt/libyaml/include -I/opt/homebrew/opt/gdbm/include -D_XOPEN_SOURCE -D_DARWIN_C_SOURCE -D_DARWIN_UNLIMITED_SELECT -D_REENTRANT   -fdeclspec -O3 -fno-fast-math -ggdb3 -Wall -Wextra -Wdeprecated-declarations -Wdivision-by-zero -Wimplicit-function-declaration -Wimplicit-int -Wmisleading-indentation -Wpointer-arith -Wshorten-64-to-32 -Wwrite-strings -Wold-style-definition -Wmissing-noreturn -Wno-cast-function-type -Wno-constant-logical-operand -Wno-long-long -Wno-missing-field-initializers -Wno-overlength-strings -Wno-parentheses-equality -Wno-self-assign -Wno-tautological-compare -Wno-unused-parameter -Wno-unused-value -Wunused-variable -Wextra-tokens -Wundef  -pipe conftest.c  -L. -L/Users/cepl/.rubies/ruby-3.1.2/lib -L/opt/homebrew/opt/openssl@1.1/lib -L/opt/homebrew/opt/readline/lib -L/opt/homebrew/opt/libyaml/lib -L/opt/homebrew/opt/gdbm/lib -L. -fstack-protector-strong -L/usr/local/lib -L/opt/homebrew/opt/openssl@1.1/lib -L/opt/homebrew/opt/readline/lib -L/opt/homebrew/opt/libyaml/lib -L/opt/homebrew/opt/gdbm/lib    -lffi  -lruby.3.1-static -framework CoreFoundation -lpthread -ldl -lobjc -lffi   "
ld: warning: object file (/Users/cepl/.rubies/ruby-3.1.2/lib/libruby.3.1-static.a(dln.o)) was built for newer macOS version (13.0) than being linked (12.3)
ld: warning: object file (/Users/cepl/.rubies/ruby-3.1.2/lib/libruby.3.1-static.a(localeinit.o)) was built for newer macOS version (13.0) than being linked (12.3)
ld: warning: object file (/Users/cepl/.rubies/ruby-3.1.2/lib/libruby.3.1-static.a(loadpath.o)) was built for newer macOS version (13.0) than being linked (12.3)
ld: warning: object file (/Users/cepl/.rubies/ruby-3.1.2/lib/libruby.3.1-static.a(array.o)) was built for newer macOS version (13.0) than being linked (12.3)
ld: warning: object file (/Users/cepl/.rubies/ruby-3.1.2/lib/libruby.3.1-static.a(ast.o)) was built for newer macOS version (13.0) than being linked (12.3)
ld: warning: object file (/Users/cepl/.rubies/ruby-3.1.2/lib/libruby.3.1-static.a(bignum.o)) was built for newer macOS version (13.0) than being linked (12.3)
ld: warning: object file (/Users/cepl/.rubies/ruby-3.1.2/lib/libruby.3.1-static.a(class.o)) was built for newer macOS version (13.0) than being linked (12.3)
ld: warning: object file (/Users/cepl/.rubies/ruby-3.1.2/lib/libruby.3.1-static.a(compar.o)) was built for newer macOS version (13.0) than being linked (12.3)
ld: warning: object file (/Users/cepl/.rubies/ruby-3.1.2/lib/libruby.3.1-static.a(compile.o)) was built for newer macOS version (13.0) than being linked (12.3)
ld: warning: object file (/Users/cepl/.rubies/ruby-3.1.2/lib/libruby.3.1-static.a(complex.o)) was built for newer macOS version (13.0) than being linked (12.3)
ld: warning: object file (/Users/cepl/.rubies/ruby-3.1.2/lib/libruby.3.1-static.a(cont.o)) was built for newer macOS version (13.0) than being linked (12.3)
ld: warning: object file (/Users/cepl/.rubies/ruby-3.1.2/lib/libruby.3.1-static.a(debug.o)) was built for newer macOS version (13.0) than being linked (12.3)
ld: warning: object file (/Users/cepl/.rubies/ruby-3.1.2/lib/libruby.3.1-static.a(debug_counter.o)) was built for newer macOS version (13.0) than being linked (12.3)
ld: warning: object file (/Users/cepl/.rubies/ruby-3.1.2/lib/libruby.3.1-static.a(dir.o)) was built for newer macOS version (13.0) than being linked (12.3)
ld: warning: object file (/Users/cepl/.rubies/ruby-3.1.2/lib/libruby.3.1-static.a(dln_find.o)) was built for newer macOS version (13.0) than being linked (12.3)
ld: warning: object file (/Users/cepl/.rubies/ruby-3.1.2/lib/libruby.3.1-static.a(encoding.o)) was built for newer macOS version (13.0) than being linked (12.3)
ld: warning: object file (/Users/cepl/.rubies/ruby-3.1.2/lib/libruby.3.1-static.a(enum.o)) was built for newer macOS version (13.0) than being linked (12.3)
ld: warning: object file (/Users/cepl/.rubies/ruby-3.1.2/lib/libruby.3.1-static.a(enumerator.o)) was built for newer macOS version (13.0) than being linked (12.3)
ld: warning: object file (/Users/cepl/.rubies/ruby-3.1.2/lib/libruby.3.1-static.a(error.o)) was built for newer macOS version (13.0) than being linked (12.3)
ld: warning: object file (/Users/cepl/.rubies/ruby-3.1.2/lib/libruby.3.1-static.a(eval.o)) was built for newer macOS version (13.0) than being linked (12.3)
ld: warning: object file (/Users/cepl/.rubies/ruby-3.1.2/lib/libruby.3.1-static.a(file.o)) was built for newer macOS version (13.0) than being linked (12.3)
ld: warning: object file (/Users/cepl/.rubies/ruby-3.1.2/lib/libruby.3.1-static.a(gc.o)) was built for newer macOS version (13.0) than being linked (12.3)
ld: warning: object file (/Users/cepl/.rubies/ruby-3.1.2/lib/libruby.3.1-static.a(hash.o)) was built for newer macOS version (13.0) than being linked (12.3)
ld: warning: object file (/Users/cepl/.rubies/ruby-3.1.2/lib/libruby.3.1-static.a(inits.o)) was built for newer macOS version (13.0) than being linked (12.3)
ld: warning: object file (/Users/cepl/.rubies/ruby-3.1.2/lib/libruby.3.1-static.a(io.o)) was built for newer macOS version (13.0) than being linked (12.3)
ld: warning: object file (/Users/cepl/.rubies/ruby-3.1.2/lib/libruby.3.1-static.a(io_buffer.o)) was built for newer macOS version (13.0) than being linked (12.3)
ld: warning: object file (/Users/cepl/.rubies/ruby-3.1.2/lib/libruby.3.1-static.a(iseq.o)) was built for newer macOS version (13.0) than being linked (12.3)
ld: warning: object file (/Users/cepl/.rubies/ruby-3.1.2/lib/libruby.3.1-static.a(load.o)) was built for newer macOS version (13.0) than being linked (12.3)
ld: warning: object file (/Users/cepl/.rubies/ruby-3.1.2/lib/libruby.3.1-static.a(marshal.o)) was built for newer macOS version (13.0) than being linked (12.3)
ld: warning: object file (/Users/cepl/.rubies/ruby-3.1.2/lib/libruby.3.1-static.a(math.o)) was built for newer macOS version (13.0) than being linked (12.3)
ld: warning: object file (/Users/cepl/.rubies/ruby-3.1.2/lib/libruby.3.1-static.a(memory_view.o)) was built for newer macOS version (13.0) than being linked (12.3)
ld: warning: object file (/Users/cepl/.rubies/ruby-3.1.2/lib/libruby.3.1-static.a(mjit.o)) was built for newer macOS version (13.0) than being linked (12.3)
ld: warning: object file (/Users/cepl/.rubies/ruby-3.1.2/lib/libruby.3.1-static.a(mjit_compile.o)) was built for newer macOS version (13.0) than being linked (12.3)
ld: warning: object file (/Users/cepl/.rubies/ruby-3.1.2/lib/libruby.3.1-static.a(node.o)) was built for newer macOS version (13.0) than being linked (12.3)
ld: warning: object file (/Users/cepl/.rubies/ruby-3.1.2/lib/libruby.3.1-static.a(numeric.o)) was built for newer macOS version (13.0) than being linked (12.3)
ld: warning: object file (/Users/cepl/.rubies/ruby-3.1.2/lib/libruby.3.1-static.a(object.o)) was built for newer macOS version (13.0) than being linked (12.3)
ld: warning: object file (/Users/cepl/.rubies/ruby-3.1.2/lib/libruby.3.1-static.a(pack.o)) was built for newer macOS version (13.0) than being linked (12.3)
ld: warning: object file (/Users/cepl/.rubies/ruby-3.1.2/lib/libruby.3.1-static.a(parse.o)) was built for newer macOS version (13.0) than being linked (12.3)
ld: warning: object file (/Users/cepl/.rubies/ruby-3.1.2/lib/libruby.3.1-static.a(proc.o)) was built for newer macOS version (13.0) than being linked (12.3)
ld: warning: object file (/Users/cepl/.rubies/ruby-3.1.2/lib/libruby.3.1-static.a(process.o)) was built for newer macOS version (13.0) than being linked (12.3)
ld: warning: object file (/Users/cepl/.rubies/ruby-3.1.2/lib/libruby.3.1-static.a(ractor.o)) was built for newer macOS version (13.0) than being linked (12.3)
ld: warning: object file (/Users/cepl/.rubies/ruby-3.1.2/lib/libruby.3.1-static.a(random.o)) was built for newer macOS version (13.0) than being linked (12.3)
ld: warning: object file (/Users/cepl/.rubies/ruby-3.1.2/lib/libruby.3.1-static.a(range.o)) was built for newer macOS version (13.0) than being linked (12.3)
ld: warning: object file (/Users/cepl/.rubies/ruby-3.1.2/lib/libruby.3.1-static.a(rational.o)) was built for newer macOS version (13.0) than being linked (12.3)
ld: warning: object file (/Users/cepl/.rubies/ruby-3.1.2/lib/libruby.3.1-static.a(re.o)) was built for newer macOS version (13.0) than being linked (12.3)
ld: warning: object file (/Users/cepl/.rubies/ruby-3.1.2/lib/libruby.3.1-static.a(regcomp.o)) was built for newer macOS version (13.0) than being linked (12.3)
ld: warning: object file (/Users/cepl/.rubies/ruby-3.1.2/lib/libruby.3.1-static.a(regenc.o)) was built for newer macOS version (13.0) than being linked (12.3)
ld: warning: object file (/Users/cepl/.rubies/ruby-3.1.2/lib/libruby.3.1-static.a(regerror.o)) was built for newer macOS version (13.0) than being linked (12.3)
ld: warning: object file (/Users/cepl/.rubies/ruby-3.1.2/lib/libruby.3.1-static.a(regexec.o)) was built for newer macOS version (13.0) than being linked (12.3)
ld: warning: object file (/Users/cepl/.rubies/ruby-3.1.2/lib/libruby.3.1-static.a(regparse.o)) was built for newer macOS version (13.0) than being linked (12.3)
ld: warning: object file (/Users/cepl/.rubies/ruby-3.1.2/lib/libruby.3.1-static.a(regsyntax.o)) was built for newer macOS version (13.0) than being linked (12.3)
ld: warning: object file (/Users/cepl/.rubies/ruby-3.1.2/lib/libruby.3.1-static.a(ruby.o)) was built for newer macOS version (13.0) than being linked (12.3)
ld: warning: object file (/Users/cepl/.rubies/ruby-3.1.2/lib/libruby.3.1-static.a(scheduler.o)) was built for newer macOS version (13.0) than being linked (12.3)
ld: warning: object file (/Users/cepl/.rubies/ruby-3.1.2/lib/libruby.3.1-static.a(signal.o)) was built for newer macOS version (13.0) than being linked (12.3)
ld: warning: object file (/Users/cepl/.rubies/ruby-3.1.2/lib/libruby.3.1-static.a(sprintf.o)) was built for newer macOS version (13.0) than being linked (12.3)
ld: warning: object file (/Users/cepl/.rubies/ruby-3.1.2/lib/libruby.3.1-static.a(st.o)) was built for newer macOS version (13.0) than being linked (12.3)
ld: warning: object file (/Users/cepl/.rubies/ruby-3.1.2/lib/libruby.3.1-static.a(strftime.o)) was built for newer macOS version (13.0) than being linked (12.3)
ld: warning: object file (/Users/cepl/.rubies/ruby-3.1.2/lib/libruby.3.1-static.a(string.o)) was built for newer macOS version (13.0) than being linked (12.3)
ld: warning: object file (/Users/cepl/.rubies/ruby-3.1.2/lib/libruby.3.1-static.a(struct.o)) was built for newer macOS version (13.0) than being linked (12.3)
ld: warning: object file (/Users/cepl/.rubies/ruby-3.1.2/lib/libruby.3.1-static.a(symbol.o)) was built for newer macOS version (13.0) than being linked (12.3)
ld: warning: object file (/Users/cepl/.rubies/ruby-3.1.2/lib/libruby.3.1-static.a(thread.o)) was built for newer macOS version (13.0) than being linked (12.3)
ld: warning: object file (/Users/cepl/.rubies/ruby-3.1.2/lib/libruby.3.1-static.a(time.o)) was built for newer macOS version (13.0) than being linked (12.3)
ld: warning: object file (/Users/cepl/.rubies/ruby-3.1.2/lib/libruby.3.1-static.a(transcode.o)) was built for newer macOS version (13.0) than being linked (12.3)
ld: warning: object file (/Users/cepl/.rubies/ruby-3.1.2/lib/libruby.3.1-static.a(transient_heap.o)) was built for newer macOS version (13.0) than being linked (12.3)
ld: warning: object file (/Users/cepl/.rubies/ruby-3.1.2/lib/libruby.3.1-static.a(util.o)) was built for newer macOS version (13.0) than being linked (12.3)
ld: warning: object file (/Users/cepl/.rubies/ruby-3.1.2/lib/libruby.3.1-static.a(variable.o)) was built for newer macOS version (13.0) than being linked (12.3)
ld: warning: object file (/Users/cepl/.rubies/ruby-3.1.2/lib/libruby.3.1-static.a(version.o)) was built for newer macOS version (13.0) than being linked (12.3)
ld: warning: object file (/Users/cepl/.rubies/ruby-3.1.2/lib/libruby.3.1-static.a(vm.o)) was built for newer macOS version (13.0) than being linked (12.3)
ld: warning: object file (/Users/cepl/.rubies/ruby-3.1.2/lib/libruby.3.1-static.a(vm_backtrace.o)) was built for newer macOS version (13.0) than being linked (12.3)
ld: warning: object file (/Users/cepl/.rubies/ruby-3.1.2/lib/libruby.3.1-static.a(vm_dump.o)) was built for newer macOS version (13.0) than being linked (12.3)
ld: warning: object file (/Users/cepl/.rubies/ruby-3.1.2/lib/libruby.3.1-static.a(vm_sync.o)) was built for newer macOS version (13.0) than being linked (12.3)
ld: warning: object file (/Users/cepl/.rubies/ruby-3.1.2/lib/libruby.3.1-static.a(vm_trace.o)) was built for newer macOS version (13.0) than being linked (12.3)
ld: warning: object file (/Users/cepl/.rubies/ruby-3.1.2/lib/libruby.3.1-static.a(yjit.o)) was built for newer macOS version (13.0) than being linked (12.3)
ld: warning: object file (/Users/cepl/.rubies/ruby-3.1.2/lib/libruby.3.1-static.a(Context.o)) was built for newer macOS version (13.0) than being linked (12.3)
ld: warning: object file (/Users/cepl/.rubies/ruby-3.1.2/lib/libruby.3.1-static.a(ascii.o)) was built for newer macOS version (13.0) than being linked (12.3)
ld: warning: object file (/Users/cepl/.rubies/ruby-3.1.2/lib/libruby.3.1-static.a(us_ascii.o)) was built for newer macOS version (13.0) than being linked (12.3)
ld: warning: object file (/Users/cepl/.rubies/ruby-3.1.2/lib/libruby.3.1-static.a(unicode.o)) was built for newer macOS version (13.0) than being linked (12.3)
ld: warning: object file (/Users/cepl/.rubies/ruby-3.1.2/lib/libruby.3.1-static.a(utf_8.o)) was built for newer macOS version (13.0) than being linked (12.3)
ld: warning: object file (/Users/cepl/.rubies/ruby-3.1.2/lib/libruby.3.1-static.a(newline.o)) was built for newer macOS version (13.0) than being linked (12.3)
ld: warning: object file (/Users/cepl/.rubies/ruby-3.1.2/lib/libruby.3.1-static.a(explicit_bzero.o)) was built for newer macOS version (13.0) than being linked (12.3)
ld: warning: object file (/Users/cepl/.rubies/ruby-3.1.2/lib/libruby.3.1-static.a(setproctitle.o)) was built for newer macOS version (13.0) than being linked (12.3)
ld: warning: object file (/Users/cepl/.rubies/ruby-3.1.2/lib/libruby.3.1-static.a(addr2line.o)) was built for newer macOS version (13.0) than being linked (12.3)
ld: warning: object file (/Users/cepl/.rubies/ruby-3.1.2/lib/libruby.3.1-static.a(builtin.o)) was built for newer macOS version (13.0) than being linked (12.3)
ld: warning: object file (/Users/cepl/.rubies/ruby-3.1.2/lib/libruby.3.1-static.a(dmyext.o)) was built for newer macOS version (13.0) than being linked (12.3)
ld: warning: object file (/Users/cepl/.rubies/ruby-3.1.2/lib/libruby.3.1-static.a(dmyenc.o)) was built for newer macOS version (13.0) than being linked (12.3)
checked program was:
/* begin */
 1: #include "ruby.h"
 2: 
 3: /*top*/
 4: extern int t(void);
 5: int main(int argc, char **argv)
 6: {
 7:   if (argc > 1000000) {
 8:     int (* volatile tp)(void)=(int (*)(void))&t;
 9:     printf("%d", (*tp)());
10:   }
11: 
12:   return !!argv[argc];
13: }
14: extern void ffi_prep_raw_closure();
15: int t(void) { ffi_prep_raw_closure(); return 0; }
/* end */

--------------------

have_func: checking for rb_gc_mark_movable()... -------------------- yes

DYLD_FALLBACK_LIBRARY_PATH=.:/Users/cepl/.rubies/ruby-3.1.2/lib "clang -o conftest -I/Users/cepl/.rubies/ruby-3.1.2/include/ruby-3.1.0/arm64-darwin22 -I/Users/cepl/.rubies/ruby-3.1.2/include/ruby-3.1.0/ruby/backward -I/Users/cepl/.rubies/ruby-3.1.2/include/ruby-3.1.0 -I. -I/Library/Developer/CommandLineTools/SDKs/MacOSX.sdk/usr/include/ffi  -I/opt/homebrew/opt/openssl@1.1/include -I/opt/homebrew/opt/readline/include -I/opt/homebrew/opt/libyaml/include -I/opt/homebrew/opt/gdbm/include -D_XOPEN_SOURCE -D_DARWIN_C_SOURCE -D_DARWIN_UNLIMITED_SELECT -D_REENTRANT   -fdeclspec -O3 -fno-fast-math -ggdb3 -Wall -Wextra -Wdeprecated-declarations -Wdivision-by-zero -Wimplicit-function-declaration -Wimplicit-int -Wmisleading-indentation -Wpointer-arith -Wshorten-64-to-32 -Wwrite-strings -Wold-style-definition -Wmissing-noreturn -Wno-cast-function-type -Wno-constant-logical-operand -Wno-long-long -Wno-missing-field-initializers -Wno-overlength-strings -Wno-parentheses-equality -Wno-self-assign -Wno-tautological-compare -Wno-unused-parameter -Wno-unused-value -Wunused-variable -Wextra-tokens -Wundef  -pipe conftest.c  -L. -L/Users/cepl/.rubies/ruby-3.1.2/lib -L/opt/homebrew/opt/openssl@1.1/lib -L/opt/homebrew/opt/readline/lib -L/opt/homebrew/opt/libyaml/lib -L/opt/homebrew/opt/gdbm/lib -L. -fstack-protector-strong -L/usr/local/lib -L/opt/homebrew/opt/openssl@1.1/lib -L/opt/homebrew/opt/readline/lib -L/opt/homebrew/opt/libyaml/lib -L/opt/homebrew/opt/gdbm/lib    -lffi  -lruby.3.1-static -framework CoreFoundation -lpthread -ldl -lobjc -lffi   "
ld: warning: object file (/Users/cepl/.rubies/ruby-3.1.2/lib/libruby.3.1-static.a(dln.o)) was built for newer macOS version (13.0) than being linked (12.3)
ld: warning: object file (/Users/cepl/.rubies/ruby-3.1.2/lib/libruby.3.1-static.a(localeinit.o)) was built for newer macOS version (13.0) than being linked (12.3)
ld: warning: object file (/Users/cepl/.rubies/ruby-3.1.2/lib/libruby.3.1-static.a(loadpath.o)) was built for newer macOS version (13.0) than being linked (12.3)
ld: warning: object file (/Users/cepl/.rubies/ruby-3.1.2/lib/libruby.3.1-static.a(array.o)) was built for newer macOS version (13.0) than being linked (12.3)
ld: warning: object file (/Users/cepl/.rubies/ruby-3.1.2/lib/libruby.3.1-static.a(ast.o)) was built for newer macOS version (13.0) than being linked (12.3)
ld: warning: object file (/Users/cepl/.rubies/ruby-3.1.2/lib/libruby.3.1-static.a(bignum.o)) was built for newer macOS version (13.0) than being linked (12.3)
ld: warning: object file (/Users/cepl/.rubies/ruby-3.1.2/lib/libruby.3.1-static.a(class.o)) was built for newer macOS version (13.0) than being linked (12.3)
ld: warning: object file (/Users/cepl/.rubies/ruby-3.1.2/lib/libruby.3.1-static.a(compar.o)) was built for newer macOS version (13.0) than being linked (12.3)
ld: warning: object file (/Users/cepl/.rubies/ruby-3.1.2/lib/libruby.3.1-static.a(compile.o)) was built for newer macOS version (13.0) than being linked (12.3)
ld: warning: object file (/Users/cepl/.rubies/ruby-3.1.2/lib/libruby.3.1-static.a(complex.o)) was built for newer macOS version (13.0) than being linked (12.3)
ld: warning: object file (/Users/cepl/.rubies/ruby-3.1.2/lib/libruby.3.1-static.a(cont.o)) was built for newer macOS version (13.0) than being linked (12.3)
ld: warning: object file (/Users/cepl/.rubies/ruby-3.1.2/lib/libruby.3.1-static.a(debug.o)) was built for newer macOS version (13.0) than being linked (12.3)
ld: warning: object file (/Users/cepl/.rubies/ruby-3.1.2/lib/libruby.3.1-static.a(debug_counter.o)) was built for newer macOS version (13.0) than being linked (12.3)
ld: warning: object file (/Users/cepl/.rubies/ruby-3.1.2/lib/libruby.3.1-static.a(dir.o)) was built for newer macOS version (13.0) than being linked (12.3)
ld: warning: object file (/Users/cepl/.rubies/ruby-3.1.2/lib/libruby.3.1-static.a(dln_find.o)) was built for newer macOS version (13.0) than being linked (12.3)
ld: warning: object file (/Users/cepl/.rubies/ruby-3.1.2/lib/libruby.3.1-static.a(encoding.o)) was built for newer macOS version (13.0) than being linked (12.3)
ld: warning: object file (/Users/cepl/.rubies/ruby-3.1.2/lib/libruby.3.1-static.a(enum.o)) was built for newer macOS version (13.0) than being linked (12.3)
ld: warning: object file (/Users/cepl/.rubies/ruby-3.1.2/lib/libruby.3.1-static.a(enumerator.o)) was built for newer macOS version (13.0) than being linked (12.3)
ld: warning: object file (/Users/cepl/.rubies/ruby-3.1.2/lib/libruby.3.1-static.a(error.o)) was built for newer macOS version (13.0) than being linked (12.3)
ld: warning: object file (/Users/cepl/.rubies/ruby-3.1.2/lib/libruby.3.1-static.a(eval.o)) was built for newer macOS version (13.0) than being linked (12.3)
ld: warning: object file (/Users/cepl/.rubies/ruby-3.1.2/lib/libruby.3.1-static.a(file.o)) was built for newer macOS version (13.0) than being linked (12.3)
ld: warning: object file (/Users/cepl/.rubies/ruby-3.1.2/lib/libruby.3.1-static.a(gc.o)) was built for newer macOS version (13.0) than being linked (12.3)
ld: warning: object file (/Users/cepl/.rubies/ruby-3.1.2/lib/libruby.3.1-static.a(hash.o)) was built for newer macOS version (13.0) than being linked (12.3)
ld: warning: object file (/Users/cepl/.rubies/ruby-3.1.2/lib/libruby.3.1-static.a(inits.o)) was built for newer macOS version (13.0) than being linked (12.3)
ld: warning: object file (/Users/cepl/.rubies/ruby-3.1.2/lib/libruby.3.1-static.a(io.o)) was built for newer macOS version (13.0) than being linked (12.3)
ld: warning: object file (/Users/cepl/.rubies/ruby-3.1.2/lib/libruby.3.1-static.a(io_buffer.o)) was built for newer macOS version (13.0) than being linked (12.3)
ld: warning: object file (/Users/cepl/.rubies/ruby-3.1.2/lib/libruby.3.1-static.a(iseq.o)) was built for newer macOS version (13.0) than being linked (12.3)
ld: warning: object file (/Users/cepl/.rubies/ruby-3.1.2/lib/libruby.3.1-static.a(load.o)) was built for newer macOS version (13.0) than being linked (12.3)
ld: warning: object file (/Users/cepl/.rubies/ruby-3.1.2/lib/libruby.3.1-static.a(marshal.o)) was built for newer macOS version (13.0) than being linked (12.3)
ld: warning: object file (/Users/cepl/.rubies/ruby-3.1.2/lib/libruby.3.1-static.a(math.o)) was built for newer macOS version (13.0) than being linked (12.3)
ld: warning: object file (/Users/cepl/.rubies/ruby-3.1.2/lib/libruby.3.1-static.a(memory_view.o)) was built for newer macOS version (13.0) than being linked (12.3)
ld: warning: object file (/Users/cepl/.rubies/ruby-3.1.2/lib/libruby.3.1-static.a(mjit.o)) was built for newer macOS version (13.0) than being linked (12.3)
ld: warning: object file (/Users/cepl/.rubies/ruby-3.1.2/lib/libruby.3.1-static.a(mjit_compile.o)) was built for newer macOS version (13.0) than being linked (12.3)
ld: warning: object file (/Users/cepl/.rubies/ruby-3.1.2/lib/libruby.3.1-static.a(node.o)) was built for newer macOS version (13.0) than being linked (12.3)
ld: warning: object file (/Users/cepl/.rubies/ruby-3.1.2/lib/libruby.3.1-static.a(numeric.o)) was built for newer macOS version (13.0) than being linked (12.3)
ld: warning: object file (/Users/cepl/.rubies/ruby-3.1.2/lib/libruby.3.1-static.a(object.o)) was built for newer macOS version (13.0) than being linked (12.3)
ld: warning: object file (/Users/cepl/.rubies/ruby-3.1.2/lib/libruby.3.1-static.a(pack.o)) was built for newer macOS version (13.0) than being linked (12.3)
ld: warning: object file (/Users/cepl/.rubies/ruby-3.1.2/lib/libruby.3.1-static.a(parse.o)) was built for newer macOS version (13.0) than being linked (12.3)
ld: warning: object file (/Users/cepl/.rubies/ruby-3.1.2/lib/libruby.3.1-static.a(proc.o)) was built for newer macOS version (13.0) than being linked (12.3)
ld: warning: object file (/Users/cepl/.rubies/ruby-3.1.2/lib/libruby.3.1-static.a(process.o)) was built for newer macOS version (13.0) than being linked (12.3)
ld: warning: object file (/Users/cepl/.rubies/ruby-3.1.2/lib/libruby.3.1-static.a(ractor.o)) was built for newer macOS version (13.0) than being linked (12.3)
ld: warning: object file (/Users/cepl/.rubies/ruby-3.1.2/lib/libruby.3.1-static.a(random.o)) was built for newer macOS version (13.0) than being linked (12.3)
ld: warning: object file (/Users/cepl/.rubies/ruby-3.1.2/lib/libruby.3.1-static.a(range.o)) was built for newer macOS version (13.0) than being linked (12.3)
ld: warning: object file (/Users/cepl/.rubies/ruby-3.1.2/lib/libruby.3.1-static.a(rational.o)) was built for newer macOS version (13.0) than being linked (12.3)
ld: warning: object file (/Users/cepl/.rubies/ruby-3.1.2/lib/libruby.3.1-static.a(re.o)) was built for newer macOS version (13.0) than being linked (12.3)
ld: warning: object file (/Users/cepl/.rubies/ruby-3.1.2/lib/libruby.3.1-static.a(regcomp.o)) was built for newer macOS version (13.0) than being linked (12.3)
ld: warning: object file (/Users/cepl/.rubies/ruby-3.1.2/lib/libruby.3.1-static.a(regenc.o)) was built for newer macOS version (13.0) than being linked (12.3)
ld: warning: object file (/Users/cepl/.rubies/ruby-3.1.2/lib/libruby.3.1-static.a(regerror.o)) was built for newer macOS version (13.0) than being linked (12.3)
ld: warning: object file (/Users/cepl/.rubies/ruby-3.1.2/lib/libruby.3.1-static.a(regexec.o)) was built for newer macOS version (13.0) than being linked (12.3)
ld: warning: object file (/Users/cepl/.rubies/ruby-3.1.2/lib/libruby.3.1-static.a(regparse.o)) was built for newer macOS version (13.0) than being linked (12.3)
ld: warning: object file (/Users/cepl/.rubies/ruby-3.1.2/lib/libruby.3.1-static.a(regsyntax.o)) was built for newer macOS version (13.0) than being linked (12.3)
ld: warning: object file (/Users/cepl/.rubies/ruby-3.1.2/lib/libruby.3.1-static.a(ruby.o)) was built for newer macOS version (13.0) than being linked (12.3)
ld: warning: object file (/Users/cepl/.rubies/ruby-3.1.2/lib/libruby.3.1-static.a(scheduler.o)) was built for newer macOS version (13.0) than being linked (12.3)
ld: warning: object file (/Users/cepl/.rubies/ruby-3.1.2/lib/libruby.3.1-static.a(signal.o)) was built for newer macOS version (13.0) than being linked (12.3)
ld: warning: object file (/Users/cepl/.rubies/ruby-3.1.2/lib/libruby.3.1-static.a(sprintf.o)) was built for newer macOS version (13.0) than being linked (12.3)
ld: warning: object file (/Users/cepl/.rubies/ruby-3.1.2/lib/libruby.3.1-static.a(st.o)) was built for newer macOS version (13.0) than being linked (12.3)
ld: warning: object file (/Users/cepl/.rubies/ruby-3.1.2/lib/libruby.3.1-static.a(strftime.o)) was built for newer macOS version (13.0) than being linked (12.3)
ld: warning: object file (/Users/cepl/.rubies/ruby-3.1.2/lib/libruby.3.1-static.a(string.o)) was built for newer macOS version (13.0) than being linked (12.3)
ld: warning: object file (/Users/cepl/.rubies/ruby-3.1.2/lib/libruby.3.1-static.a(struct.o)) was built for newer macOS version (13.0) than being linked (12.3)
ld: warning: object file (/Users/cepl/.rubies/ruby-3.1.2/lib/libruby.3.1-static.a(symbol.o)) was built for newer macOS version (13.0) than being linked (12.3)
ld: warning: object file (/Users/cepl/.rubies/ruby-3.1.2/lib/libruby.3.1-static.a(thread.o)) was built for newer macOS version (13.0) than being linked (12.3)
ld: warning: object file (/Users/cepl/.rubies/ruby-3.1.2/lib/libruby.3.1-static.a(time.o)) was built for newer macOS version (13.0) than being linked (12.3)
ld: warning: object file (/Users/cepl/.rubies/ruby-3.1.2/lib/libruby.3.1-static.a(transcode.o)) was built for newer macOS version (13.0) than being linked (12.3)
ld: warning: object file (/Users/cepl/.rubies/ruby-3.1.2/lib/libruby.3.1-static.a(transient_heap.o)) was built for newer macOS version (13.0) than being linked (12.3)
ld: warning: object file (/Users/cepl/.rubies/ruby-3.1.2/lib/libruby.3.1-static.a(util.o)) was built for newer macOS version (13.0) than being linked (12.3)
ld: warning: object file (/Users/cepl/.rubies/ruby-3.1.2/lib/libruby.3.1-static.a(variable.o)) was built for newer macOS version (13.0) than being linked (12.3)
ld: warning: object file (/Users/cepl/.rubies/ruby-3.1.2/lib/libruby.3.1-static.a(version.o)) was built for newer macOS version (13.0) than being linked (12.3)
ld: warning: object file (/Users/cepl/.rubies/ruby-3.1.2/lib/libruby.3.1-static.a(vm.o)) was built for newer macOS version (13.0) than being linked (12.3)
ld: warning: object file (/Users/cepl/.rubies/ruby-3.1.2/lib/libruby.3.1-static.a(vm_backtrace.o)) was built for newer macOS version (13.0) than being linked (12.3)
ld: warning: object file (/Users/cepl/.rubies/ruby-3.1.2/lib/libruby.3.1-static.a(vm_dump.o)) was built for newer macOS version (13.0) than being linked (12.3)
ld: warning: object file (/Users/cepl/.rubies/ruby-3.1.2/lib/libruby.3.1-static.a(vm_sync.o)) was built for newer macOS version (13.0) than being linked (12.3)
ld: warning: object file (/Users/cepl/.rubies/ruby-3.1.2/lib/libruby.3.1-static.a(vm_trace.o)) was built for newer macOS version (13.0) than being linked (12.3)
ld: warning: object file (/Users/cepl/.rubies/ruby-3.1.2/lib/libruby.3.1-static.a(yjit.o)) was built for newer macOS version (13.0) than being linked (12.3)
ld: warning: object file (/Users/cepl/.rubies/ruby-3.1.2/lib/libruby.3.1-static.a(Context.o)) was built for newer macOS version (13.0) than being linked (12.3)
ld: warning: object file (/Users/cepl/.rubies/ruby-3.1.2/lib/libruby.3.1-static.a(ascii.o)) was built for newer macOS version (13.0) than being linked (12.3)
ld: warning: object file (/Users/cepl/.rubies/ruby-3.1.2/lib/libruby.3.1-static.a(us_ascii.o)) was built for newer macOS version (13.0) than being linked (12.3)
ld: warning: object file (/Users/cepl/.rubies/ruby-3.1.2/lib/libruby.3.1-static.a(unicode.o)) was built for newer macOS version (13.0) than being linked (12.3)
ld: warning: object file (/Users/cepl/.rubies/ruby-3.1.2/lib/libruby.3.1-static.a(utf_8.o)) was built for newer macOS version (13.0) than being linked (12.3)
ld: warning: object file (/Users/cepl/.rubies/ruby-3.1.2/lib/libruby.3.1-static.a(newline.o)) was built for newer macOS version (13.0) than being linked (12.3)
ld: warning: object file (/Users/cepl/.rubies/ruby-3.1.2/lib/libruby.3.1-static.a(explicit_bzero.o)) was built for newer macOS version (13.0) than being linked (12.3)
ld: warning: object file (/Users/cepl/.rubies/ruby-3.1.2/lib/libruby.3.1-static.a(setproctitle.o)) was built for newer macOS version (13.0) than being linked (12.3)
ld: warning: object file (/Users/cepl/.rubies/ruby-3.1.2/lib/libruby.3.1-static.a(addr2line.o)) was built for newer macOS version (13.0) than being linked (12.3)
ld: warning: object file (/Users/cepl/.rubies/ruby-3.1.2/lib/libruby.3.1-static.a(builtin.o)) was built for newer macOS version (13.0) than being linked (12.3)
ld: warning: object file (/Users/cepl/.rubies/ruby-3.1.2/lib/libruby.3.1-static.a(dmyext.o)) was built for newer macOS version (13.0) than being linked (12.3)
ld: warning: object file (/Users/cepl/.rubies/ruby-3.1.2/lib/libruby.3.1-static.a(dmyenc.o)) was built for newer macOS version (13.0) than being linked (12.3)
checked program was:
/* begin */
 1: #include "ruby.h"
 2: 
 3: /*top*/
 4: extern int t(void);
 5: int main(int argc, char **argv)
 6: {
 7:   if (argc > 1000000) {
 8:     int (* volatile tp)(void)=(int (*)(void))&t;
 9:     printf("%d", (*tp)());
10:   }
11: 
12:   return !!argv[argc];
13: }
14: int t(void) { void ((*volatile p)()); p = (void ((*)()))rb_gc_mark_movable; return !p; }
/* end */

--------------------

block in append_ldflags: checking for whether -pthread is accepted as LDFLAGS... -------------------- yes

DYLD_FALLBACK_LIBRARY_PATH=.:/Users/cepl/.rubies/ruby-3.1.2/lib "clang -o conftest -I/Users/cepl/.rubies/ruby-3.1.2/include/ruby-3.1.0/arm64-darwin22 -I/Users/cepl/.rubies/ruby-3.1.2/include/ruby-3.1.0/ruby/backward -I/Users/cepl/.rubies/ruby-3.1.2/include/ruby-3.1.0 -I. -I/Library/Developer/CommandLineTools/SDKs/MacOSX.sdk/usr/include/ffi  -I/opt/homebrew/opt/openssl@1.1/include -I/opt/homebrew/opt/readline/include -I/opt/homebrew/opt/libyaml/include -I/opt/homebrew/opt/gdbm/include -D_XOPEN_SOURCE -D_DARWIN_C_SOURCE -D_DARWIN_UNLIMITED_SELECT -D_REENTRANT   -fdeclspec -O3 -fno-fast-math -ggdb3 -Wall -Wextra -Wdeprecated-declarations -Wdivision-by-zero -Wimplicit-function-declaration -Wimplicit-int -Wmisleading-indentation -Wpointer-arith -Wshorten-64-to-32 -Wwrite-strings -Wold-style-definition -Wmissing-noreturn -Wno-cast-function-type -Wno-constant-logical-operand -Wno-long-long -Wno-missing-field-initializers -Wno-overlength-strings -Wno-parentheses-equality -Wno-self-assign -Wno-tautological-compare -Wno-unused-parameter -Wno-unused-value -Wunused-variable -Wextra-tokens -Wundef  -pipe conftest.c  -L. -L/Users/cepl/.rubies/ruby-3.1.2/lib -L/opt/homebrew/opt/openssl@1.1/lib -L/opt/homebrew/opt/readline/lib -L/opt/homebrew/opt/libyaml/lib -L/opt/homebrew/opt/gdbm/lib -L. -fstack-protector-strong -L/usr/local/lib -L/opt/homebrew/opt/openssl@1.1/lib -L/opt/homebrew/opt/readline/lib -L/opt/homebrew/opt/libyaml/lib -L/opt/homebrew/opt/gdbm/lib    -lffi  -lruby.3.1-static -framework CoreFoundation -lpthread -ldl -lobjc -pthread  "
ld: warning: object file (/Users/cepl/.rubies/ruby-3.1.2/lib/libruby.3.1-static.a(dln.o)) was built for newer macOS version (13.0) than being linked (12.3)
ld: warning: object file (/Users/cepl/.rubies/ruby-3.1.2/lib/libruby.3.1-static.a(localeinit.o)) was built for newer macOS version (13.0) than being linked (12.3)
ld: warning: object file (/Users/cepl/.rubies/ruby-3.1.2/lib/libruby.3.1-static.a(loadpath.o)) was built for newer macOS version (13.0) than being linked (12.3)
ld: warning: object file (/Users/cepl/.rubies/ruby-3.1.2/lib/libruby.3.1-static.a(array.o)) was built for newer macOS version (13.0) than being linked (12.3)
ld: warning: object file (/Users/cepl/.rubies/ruby-3.1.2/lib/libruby.3.1-static.a(ast.o)) was built for newer macOS version (13.0) than being linked (12.3)
ld: warning: object file (/Users/cepl/.rubies/ruby-3.1.2/lib/libruby.3.1-static.a(bignum.o)) was built for newer macOS version (13.0) than being linked (12.3)
ld: warning: object file (/Users/cepl/.rubies/ruby-3.1.2/lib/libruby.3.1-static.a(class.o)) was built for newer macOS version (13.0) than being linked (12.3)
ld: warning: object file (/Users/cepl/.rubies/ruby-3.1.2/lib/libruby.3.1-static.a(compar.o)) was built for newer macOS version (13.0) than being linked (12.3)
ld: warning: object file (/Users/cepl/.rubies/ruby-3.1.2/lib/libruby.3.1-static.a(compile.o)) was built for newer macOS version (13.0) than being linked (12.3)
ld: warning: object file (/Users/cepl/.rubies/ruby-3.1.2/lib/libruby.3.1-static.a(complex.o)) was built for newer macOS version (13.0) than being linked (12.3)
ld: warning: object file (/Users/cepl/.rubies/ruby-3.1.2/lib/libruby.3.1-static.a(cont.o)) was built for newer macOS version (13.0) than being linked (12.3)
ld: warning: object file (/Users/cepl/.rubies/ruby-3.1.2/lib/libruby.3.1-static.a(debug.o)) was built for newer macOS version (13.0) than being linked (12.3)
ld: warning: object file (/Users/cepl/.rubies/ruby-3.1.2/lib/libruby.3.1-static.a(debug_counter.o)) was built for newer macOS version (13.0) than being linked (12.3)
ld: warning: object file (/Users/cepl/.rubies/ruby-3.1.2/lib/libruby.3.1-static.a(dir.o)) was built for newer macOS version (13.0) than being linked (12.3)
ld: warning: object file (/Users/cepl/.rubies/ruby-3.1.2/lib/libruby.3.1-static.a(dln_find.o)) was built for newer macOS version (13.0) than being linked (12.3)
ld: warning: object file (/Users/cepl/.rubies/ruby-3.1.2/lib/libruby.3.1-static.a(encoding.o)) was built for newer macOS version (13.0) than being linked (12.3)
ld: warning: object file (/Users/cepl/.rubies/ruby-3.1.2/lib/libruby.3.1-static.a(enum.o)) was built for newer macOS version (13.0) than being linked (12.3)
ld: warning: object file (/Users/cepl/.rubies/ruby-3.1.2/lib/libruby.3.1-static.a(enumerator.o)) was built for newer macOS version (13.0) than being linked (12.3)
ld: warning: object file (/Users/cepl/.rubies/ruby-3.1.2/lib/libruby.3.1-static.a(error.o)) was built for newer macOS version (13.0) than being linked (12.3)
ld: warning: object file (/Users/cepl/.rubies/ruby-3.1.2/lib/libruby.3.1-static.a(eval.o)) was built for newer macOS version (13.0) than being linked (12.3)
ld: warning: object file (/Users/cepl/.rubies/ruby-3.1.2/lib/libruby.3.1-static.a(file.o)) was built for newer macOS version (13.0) than being linked (12.3)
ld: warning: object file (/Users/cepl/.rubies/ruby-3.1.2/lib/libruby.3.1-static.a(gc.o)) was built for newer macOS version (13.0) than being linked (12.3)
ld: warning: object file (/Users/cepl/.rubies/ruby-3.1.2/lib/libruby.3.1-static.a(hash.o)) was built for newer macOS version (13.0) than being linked (12.3)
ld: warning: object file (/Users/cepl/.rubies/ruby-3.1.2/lib/libruby.3.1-static.a(inits.o)) was built for newer macOS version (13.0) than being linked (12.3)
ld: warning: object file (/Users/cepl/.rubies/ruby-3.1.2/lib/libruby.3.1-static.a(io.o)) was built for newer macOS version (13.0) than being linked (12.3)
ld: warning: object file (/Users/cepl/.rubies/ruby-3.1.2/lib/libruby.3.1-static.a(io_buffer.o)) was built for newer macOS version (13.0) than being linked (12.3)
ld: warning: object file (/Users/cepl/.rubies/ruby-3.1.2/lib/libruby.3.1-static.a(iseq.o)) was built for newer macOS version (13.0) than being linked (12.3)
ld: warning: object file (/Users/cepl/.rubies/ruby-3.1.2/lib/libruby.3.1-static.a(load.o)) was built for newer macOS version (13.0) than being linked (12.3)
ld: warning: object file (/Users/cepl/.rubies/ruby-3.1.2/lib/libruby.3.1-static.a(marshal.o)) was built for newer macOS version (13.0) than being linked (12.3)
ld: warning: object file (/Users/cepl/.rubies/ruby-3.1.2/lib/libruby.3.1-static.a(math.o)) was built for newer macOS version (13.0) than being linked (12.3)
ld: warning: object file (/Users/cepl/.rubies/ruby-3.1.2/lib/libruby.3.1-static.a(memory_view.o)) was built for newer macOS version (13.0) than being linked (12.3)
ld: warning: object file (/Users/cepl/.rubies/ruby-3.1.2/lib/libruby.3.1-static.a(mjit.o)) was built for newer macOS version (13.0) than being linked (12.3)
ld: warning: object file (/Users/cepl/.rubies/ruby-3.1.2/lib/libruby.3.1-static.a(mjit_compile.o)) was built for newer macOS version (13.0) than being linked (12.3)
ld: warning: object file (/Users/cepl/.rubies/ruby-3.1.2/lib/libruby.3.1-static.a(node.o)) was built for newer macOS version (13.0) than being linked (12.3)
ld: warning: object file (/Users/cepl/.rubies/ruby-3.1.2/lib/libruby.3.1-static.a(numeric.o)) was built for newer macOS version (13.0) than being linked (12.3)
ld: warning: object file (/Users/cepl/.rubies/ruby-3.1.2/lib/libruby.3.1-static.a(object.o)) was built for newer macOS version (13.0) than being linked (12.3)
ld: warning: object file (/Users/cepl/.rubies/ruby-3.1.2/lib/libruby.3.1-static.a(pack.o)) was built for newer macOS version (13.0) than being linked (12.3)
ld: warning: object file (/Users/cepl/.rubies/ruby-3.1.2/lib/libruby.3.1-static.a(parse.o)) was built for newer macOS version (13.0) than being linked (12.3)
ld: warning: object file (/Users/cepl/.rubies/ruby-3.1.2/lib/libruby.3.1-static.a(proc.o)) was built for newer macOS version (13.0) than being linked (12.3)
ld: warning: object file (/Users/cepl/.rubies/ruby-3.1.2/lib/libruby.3.1-static.a(process.o)) was built for newer macOS version (13.0) than being linked (12.3)
ld: warning: object file (/Users/cepl/.rubies/ruby-3.1.2/lib/libruby.3.1-static.a(ractor.o)) was built for newer macOS version (13.0) than being linked (12.3)
ld: warning: object file (/Users/cepl/.rubies/ruby-3.1.2/lib/libruby.3.1-static.a(random.o)) was built for newer macOS version (13.0) than being linked (12.3)
ld: warning: object file (/Users/cepl/.rubies/ruby-3.1.2/lib/libruby.3.1-static.a(range.o)) was built for newer macOS version (13.0) than being linked (12.3)
ld: warning: object file (/Users/cepl/.rubies/ruby-3.1.2/lib/libruby.3.1-static.a(rational.o)) was built for newer macOS version (13.0) than being linked (12.3)
ld: warning: object file (/Users/cepl/.rubies/ruby-3.1.2/lib/libruby.3.1-static.a(re.o)) was built for newer macOS version (13.0) than being linked (12.3)
ld: warning: object file (/Users/cepl/.rubies/ruby-3.1.2/lib/libruby.3.1-static.a(regcomp.o)) was built for newer macOS version (13.0) than being linked (12.3)
ld: warning: object file (/Users/cepl/.rubies/ruby-3.1.2/lib/libruby.3.1-static.a(regenc.o)) was built for newer macOS version (13.0) than being linked (12.3)
ld: warning: object file (/Users/cepl/.rubies/ruby-3.1.2/lib/libruby.3.1-static.a(regerror.o)) was built for newer macOS version (13.0) than being linked (12.3)
ld: warning: object file (/Users/cepl/.rubies/ruby-3.1.2/lib/libruby.3.1-static.a(regexec.o)) was built for newer macOS version (13.0) than being linked (12.3)
ld: warning: object file (/Users/cepl/.rubies/ruby-3.1.2/lib/libruby.3.1-static.a(regparse.o)) was built for newer macOS version (13.0) than being linked (12.3)
ld: warning: object file (/Users/cepl/.rubies/ruby-3.1.2/lib/libruby.3.1-static.a(regsyntax.o)) was built for newer macOS version (13.0) than being linked (12.3)
ld: warning: object file (/Users/cepl/.rubies/ruby-3.1.2/lib/libruby.3.1-static.a(ruby.o)) was built for newer macOS version (13.0) than being linked (12.3)
ld: warning: object file (/Users/cepl/.rubies/ruby-3.1.2/lib/libruby.3.1-static.a(scheduler.o)) was built for newer macOS version (13.0) than being linked (12.3)
ld: warning: object file (/Users/cepl/.rubies/ruby-3.1.2/lib/libruby.3.1-static.a(signal.o)) was built for newer macOS version (13.0) than being linked (12.3)
ld: warning: object file (/Users/cepl/.rubies/ruby-3.1.2/lib/libruby.3.1-static.a(sprintf.o)) was built for newer macOS version (13.0) than being linked (12.3)
ld: warning: object file (/Users/cepl/.rubies/ruby-3.1.2/lib/libruby.3.1-static.a(st.o)) was built for newer macOS version (13.0) than being linked (12.3)
ld: warning: object file (/Users/cepl/.rubies/ruby-3.1.2/lib/libruby.3.1-static.a(strftime.o)) was built for newer macOS version (13.0) than being linked (12.3)
ld: warning: object file (/Users/cepl/.rubies/ruby-3.1.2/lib/libruby.3.1-static.a(string.o)) was built for newer macOS version (13.0) than being linked (12.3)
ld: warning: object file (/Users/cepl/.rubies/ruby-3.1.2/lib/libruby.3.1-static.a(struct.o)) was built for newer macOS version (13.0) than being linked (12.3)
ld: warning: object file (/Users/cepl/.rubies/ruby-3.1.2/lib/libruby.3.1-static.a(symbol.o)) was built for newer macOS version (13.0) than being linked (12.3)
ld: warning: object file (/Users/cepl/.rubies/ruby-3.1.2/lib/libruby.3.1-static.a(thread.o)) was built for newer macOS version (13.0) than being linked (12.3)
ld: warning: object file (/Users/cepl/.rubies/ruby-3.1.2/lib/libruby.3.1-static.a(time.o)) was built for newer macOS version (13.0) than being linked (12.3)
ld: warning: object file (/Users/cepl/.rubies/ruby-3.1.2/lib/libruby.3.1-static.a(transcode.o)) was built for newer macOS version (13.0) than being linked (12.3)
ld: warning: object file (/Users/cepl/.rubies/ruby-3.1.2/lib/libruby.3.1-static.a(transient_heap.o)) was built for newer macOS version (13.0) than being linked (12.3)
ld: warning: object file (/Users/cepl/.rubies/ruby-3.1.2/lib/libruby.3.1-static.a(util.o)) was built for newer macOS version (13.0) than being linked (12.3)
ld: warning: object file (/Users/cepl/.rubies/ruby-3.1.2/lib/libruby.3.1-static.a(variable.o)) was built for newer macOS version (13.0) than being linked (12.3)
ld: warning: object file (/Users/cepl/.rubies/ruby-3.1.2/lib/libruby.3.1-static.a(version.o)) was built for newer macOS version (13.0) than being linked (12.3)
ld: warning: object file (/Users/cepl/.rubies/ruby-3.1.2/lib/libruby.3.1-static.a(vm.o)) was built for newer macOS version (13.0) than being linked (12.3)
ld: warning: object file (/Users/cepl/.rubies/ruby-3.1.2/lib/libruby.3.1-static.a(vm_backtrace.o)) was built for newer macOS version (13.0) than being linked (12.3)
ld: warning: object file (/Users/cepl/.rubies/ruby-3.1.2/lib/libruby.3.1-static.a(vm_dump.o)) was built for newer macOS version (13.0) than being linked (12.3)
ld: warning: object file (/Users/cepl/.rubies/ruby-3.1.2/lib/libruby.3.1-static.a(vm_sync.o)) was built for newer macOS version (13.0) than being linked (12.3)
ld: warning: object file (/Users/cepl/.rubies/ruby-3.1.2/lib/libruby.3.1-static.a(vm_trace.o)) was built for newer macOS version (13.0) than being linked (12.3)
ld: warning: object file (/Users/cepl/.rubies/ruby-3.1.2/lib/libruby.3.1-static.a(yjit.o)) was built for newer macOS version (13.0) than being linked (12.3)
ld: warning: object file (/Users/cepl/.rubies/ruby-3.1.2/lib/libruby.3.1-static.a(Context.o)) was built for newer macOS version (13.0) than being linked (12.3)
ld: warning: object file (/Users/cepl/.rubies/ruby-3.1.2/lib/libruby.3.1-static.a(ascii.o)) was built for newer macOS version (13.0) than being linked (12.3)
ld: warning: object file (/Users/cepl/.rubies/ruby-3.1.2/lib/libruby.3.1-static.a(us_ascii.o)) was built for newer macOS version (13.0) than being linked (12.3)
ld: warning: object file (/Users/cepl/.rubies/ruby-3.1.2/lib/libruby.3.1-static.a(unicode.o)) was built for newer macOS version (13.0) than being linked (12.3)
ld: warning: object file (/Users/cepl/.rubies/ruby-3.1.2/lib/libruby.3.1-static.a(utf_8.o)) was built for newer macOS version (13.0) than being linked (12.3)
ld: warning: object file (/Users/cepl/.rubies/ruby-3.1.2/lib/libruby.3.1-static.a(newline.o)) was built for newer macOS version (13.0) than being linked (12.3)
ld: warning: object file (/Users/cepl/.rubies/ruby-3.1.2/lib/libruby.3.1-static.a(explicit_bzero.o)) was built for newer macOS version (13.0) than being linked (12.3)
ld: warning: object file (/Users/cepl/.rubies/ruby-3.1.2/lib/libruby.3.1-static.a(setproctitle.o)) was built for newer macOS version (13.0) than being linked (12.3)
ld: warning: object file (/Users/cepl/.rubies/ruby-3.1.2/lib/libruby.3.1-static.a(addr2line.o)) was built for newer macOS version (13.0) than being linked (12.3)
ld: warning: object file (/Users/cepl/.rubies/ruby-3.1.2/lib/libruby.3.1-static.a(builtin.o)) was built for newer macOS version (13.0) than being linked (12.3)
ld: warning: object file (/Users/cepl/.rubies/ruby-3.1.2/lib/libruby.3.1-static.a(dmyext.o)) was built for newer macOS version (13.0) than being linked (12.3)
ld: warning: object file (/Users/cepl/.rubies/ruby-3.1.2/lib/libruby.3.1-static.a(dmyenc.o)) was built for newer macOS version (13.0) than being linked (12.3)
checked program was:
/* begin */
1: #include "ruby.h"
2: 
3: int main(int argc, char **argv)
4: {
5:   return !!argv[argc];
6: }
/* end */

--------------------

extconf.h is:
/* begin */
1: #ifndef EXTCONF_H
2: #define EXTCONF_H
3: #define HAVE_FFI_PREP_CIF_VAR 1
4: #define HAVE_FFI_RAW_CALL 1
5: #define HAVE_FFI_PREP_RAW_CLOSURE 1
6: #define HAVE_RAW_API 1
7: #define HAVE_RB_GC_MARK_MOVABLE 1
8: #define USE_FFI_ALLOC 1
9: #endif
/* end */

